device: cuda
Loading split v1 ...
  train graphs=2796  val graphs=926  test graphs=1232
  node feature dim = 9  edge feature dim = 10
  node scaler: mean range [0.01, 82824104.00]  std range [0.0878, 24315088896.00]
  edge scaler: mean range [0.00, 12397508608.00]  std range [0.0034, 5152525254656.00]
  model = GINE  hidden=64  params=26,628
[gine] class weights (benign, bot) = (1.6985337590161995, 0.7085882004735596)
[gine] using focal loss gamma=2.0  alpha=[1.6985337734222412, 0.708588182926178]
[gine] DropEdge enabled, p=0.2
[gine] epoch   1  train_loss 0.1270  val_F1 0.9096  best 0.9096  lr 1.0e-03  *  1.4s
[gine] epoch   2  train_loss 0.1093  val_F1 0.9152  best 0.9152  lr 1.0e-03  *  0.8s
[gine] epoch   3  train_loss 0.0996  val_F1 0.9371  best 0.9371  lr 1.0e-03  *  0.7s
[gine] epoch   4  train_loss 0.0968  val_F1 0.9449  best 0.9449  lr 1.0e-03  *  0.8s
[gine] epoch   5  train_loss 0.0938  val_F1 0.9385  best 0.9449  lr 1.0e-03     0.8s
[gine] epoch   6  train_loss 0.0901  val_F1 0.9533  best 0.9533  lr 1.0e-03  *  0.8s
[gine] epoch   7  train_loss 0.0920  val_F1 0.9501  best 0.9533  lr 1.0e-03     0.8s
[gine] epoch   8  train_loss 0.0886  val_F1 0.9464  best 0.9533  lr 1.0e-03     1.0s
[gine] epoch   9  train_loss 0.0876  val_F1 0.9487  best 0.9533  lr 1.0e-03     1.0s
[gine] epoch  10  train_loss 0.0864  val_F1 0.9355  best 0.9533  lr 1.0e-03     1.1s
[gine] epoch  11  train_loss 0.0886  val_F1 0.9418  best 0.9533  lr 1.0e-03     1.0s
[gine] epoch  12  train_loss 0.0855  val_F1 0.9531  best 0.9533  lr 5.0e-04     0.9s
[gine] epoch  13  train_loss 0.0866  val_F1 0.9562  best 0.9562  lr 5.0e-04  *  0.9s
[gine] epoch  14  train_loss 0.0869  val_F1 0.9585  best 0.9585  lr 5.0e-04  *  0.9s
[gine] epoch  15  train_loss 0.0847  val_F1 0.9543  best 0.9585  lr 5.0e-04     1.0s
[gine] epoch  16  train_loss 0.0850  val_F1 0.9600  best 0.9600  lr 5.0e-04  *  0.9s
[gine] epoch  17  train_loss 0.0840  val_F1 0.9597  best 0.9600  lr 5.0e-04     1.0s
[gine] epoch  18  train_loss 0.0838  val_F1 0.9536  best 0.9600  lr 5.0e-04     0.9s
[gine] epoch  19  train_loss 0.0828  val_F1 0.9432  best 0.9600  lr 5.0e-04     0.9s
[gine] epoch  20  train_loss 0.0835  val_F1 0.9577  best 0.9600  lr 5.0e-04     1.0s
[gine] epoch  21  train_loss 0.0822  val_F1 0.9541  best 0.9600  lr 5.0e-04     1.1s
[gine] epoch  22  train_loss 0.0827  val_F1 0.9525  best 0.9600  lr 2.5e-04     1.1s
[gine] epoch  23  train_loss 0.0815  val_F1 0.9592  best 0.9600  lr 2.5e-04     1.0s
[gine] epoch  24  train_loss 0.0820  val_F1 0.9604  best 0.9604  lr 2.5e-04  *  1.1s
[gine] epoch  25  train_loss 0.0817  val_F1 0.9604  best 0.9604  lr 2.5e-04     1.1s
[gine] epoch  26  train_loss 0.0822  val_F1 0.9607  best 0.9607  lr 2.5e-04  *  1.0s
[gine] epoch  27  train_loss 0.0809  val_F1 0.9602  best 0.9607  lr 2.5e-04     1.0s
[gine] epoch  28  train_loss 0.0827  val_F1 0.9616  best 0.9616  lr 2.5e-04  *  0.9s
[gine] epoch  29  train_loss 0.0823  val_F1 0.9608  best 0.9616  lr 2.5e-04     0.9s
[gine] epoch  30  train_loss 0.0811  val_F1 0.9573  best 0.9616  lr 2.5e-04     0.9s
[gine] epoch  31  train_loss 0.0817  val_F1 0.9613  best 0.9616  lr 2.5e-04     0.9s
[gine] epoch  32  train_loss 0.0803  val_F1 0.9601  best 0.9616  lr 2.5e-04     1.0s
[gine] epoch  33  train_loss 0.0823  val_F1 0.9615  best 0.9616  lr 2.5e-04     1.1s
[gine] epoch  34  train_loss 0.0815  val_F1 0.9589  best 0.9616  lr 1.3e-04     1.0s
[gine] epoch  35  train_loss 0.0806  val_F1 0.9536  best 0.9616  lr 1.3e-04     1.0s
[gine] epoch  36  train_loss 0.0808  val_F1 0.9610  best 0.9616  lr 1.3e-04     0.9s
[gine] epoch  37  train_loss 0.0828  val_F1 0.9622  best 0.9622  lr 1.3e-04  *  1.1s
[gine] epoch  38  train_loss 0.0807  val_F1 0.9606  best 0.9622  lr 1.3e-04     1.1s
[gine] epoch  39  train_loss 0.0811  val_F1 0.9584  best 0.9622  lr 1.3e-04     0.9s
[gine] epoch  40  train_loss 0.0810  val_F1 0.9619  best 0.9622  lr 1.3e-04     1.1s
[gine] epoch  41  train_loss 0.0796  val_F1 0.9619  best 0.9622  lr 1.3e-04     1.2s
[gine] epoch  42  train_loss 0.0816  val_F1 0.9616  best 0.9622  lr 1.3e-04     1.2s
[gine] epoch  43  train_loss 0.0803  val_F1 0.9586  best 0.9622  lr 6.3e-05     1.3s
[gine] epoch  44  train_loss 0.0837  val_F1 0.9516  best 0.9622  lr 6.3e-05     1.2s
[gine] epoch  45  train_loss 0.0809  val_F1 0.9620  best 0.9622  lr 6.3e-05     1.2s
[gine] epoch  46  train_loss 0.0803  val_F1 0.9615  best 0.9622  lr 6.3e-05     1.2s
[gine] epoch  47  train_loss 0.0810  val_F1 0.9572  best 0.9622  lr 6.3e-05     1.1s
[gine] epoch  48  train_loss 0.0797  val_F1 0.9626  best 0.9626  lr 6.3e-05  *  1.1s
[gine] epoch  49  train_loss 0.0816  val_F1 0.9496  best 0.9626  lr 6.3e-05     1.0s
[gine] epoch  50  train_loss 0.0807  val_F1 0.9608  best 0.9626  lr 6.3e-05     1.0s
[gine] epoch  51  train_loss 0.0825  val_F1 0.9618  best 0.9626  lr 6.3e-05     0.9s
[gine] epoch  52  train_loss 0.0798  val_F1 0.9618  best 0.9626  lr 6.3e-05     1.1s
[gine] epoch  53  train_loss 0.0804  val_F1 0.9623  best 0.9626  lr 6.3e-05     1.0s
[gine] epoch  54  train_loss 0.0814  val_F1 0.9626  best 0.9626  lr 3.1e-05     0.9s
[gine] epoch  55  train_loss 0.0798  val_F1 0.9618  best 0.9626  lr 3.1e-05     1.0s
[gine] epoch  56  train_loss 0.0803  val_F1 0.9617  best 0.9626  lr 3.1e-05     0.8s
[gine] epoch  57  train_loss 0.0801  val_F1 0.9624  best 0.9626  lr 3.1e-05     0.8s
[gine] epoch  58  train_loss 0.0811  val_F1 0.9613  best 0.9626  lr 3.1e-05     0.9s
[gine] epoch  59  train_loss 0.0798  val_F1 0.9614  best 0.9626  lr 3.1e-05     0.8s
[gine] epoch  60  train_loss 0.0822  val_F1 0.9620  best 0.9626  lr 1.6e-05     0.8s
[gine] epoch  61  train_loss 0.0797  val_F1 0.9623  best 0.9626  lr 1.6e-05     0.8s
[gine] epoch  62  train_loss 0.0795  val_F1 0.9538  best 0.9626  lr 1.6e-05     0.9s
[gine] epoch  63  train_loss 0.0799  val_F1 0.9609  best 0.9626  lr 1.6e-05     0.8s
[gine] epoch  64  train_loss 0.0803  val_F1 0.9618  best 0.9626  lr 1.6e-05     0.9s
[gine] epoch  65  train_loss 0.0795  val_F1 0.9611  best 0.9626  lr 1.6e-05     1.1s
[gine] epoch  66  train_loss 0.0813  val_F1 0.9616  best 0.9626  lr 7.8e-06     1.1s
[gine] epoch  67  train_loss 0.0789  val_F1 0.9626  best 0.9626  lr 7.8e-06  *  1.1s
[gine] epoch  68  train_loss 0.0798  val_F1 0.9608  best 0.9626  lr 7.8e-06     1.2s
[gine] epoch  69  train_loss 0.0805  val_F1 0.9616  best 0.9626  lr 7.8e-06     1.2s
[gine] epoch  70  train_loss 0.0806  val_F1 0.9623  best 0.9626  lr 7.8e-06     1.1s
[gine] epoch  71  train_loss 0.0806  val_F1 0.9621  best 0.9626  lr 7.8e-06     1.2s
[gine] epoch  72  train_loss 0.0800  val_F1 0.9570  best 0.9626  lr 3.9e-06     1.2s
[gine] epoch  73  train_loss 0.0797  val_F1 0.9567  best 0.9626  lr 3.9e-06     1.3s
[gine] epoch  74  train_loss 0.0818  val_F1 0.9590  best 0.9626  lr 3.9e-06     1.2s
[gine] epoch  75  train_loss 0.0803  val_F1 0.9619  best 0.9626  lr 3.9e-06     1.1s
[gine] epoch  76  train_loss 0.0801  val_F1 0.9615  best 0.9626  lr 3.9e-06     1.1s
[gine] epoch  77  train_loss 0.0807  val_F1 0.9620  best 0.9626  lr 3.9e-06     1.2s
[gine] epoch  78  train_loss 0.0799  val_F1 0.9597  best 0.9626  lr 2.0e-06     1.0s
[gine] epoch  79  train_loss 0.0813  val_F1 0.9624  best 0.9626  lr 2.0e-06     1.1s
[gine] epoch  80  train_loss 0.0801  val_F1 0.9613  best 0.9626  lr 2.0e-06     1.0s
[gine] epoch  81  train_loss 0.0803  val_F1 0.9606  best 0.9626  lr 2.0e-06     1.0s
[gine] epoch  82  train_loss 0.0804  val_F1 0.9594  best 0.9626  lr 2.0e-06     1.0s
[gine] epoch  83  train_loss 0.0794  val_F1 0.9615  best 0.9626  lr 2.0e-06     1.0s
[gine] epoch  84  train_loss 0.0797  val_F1 0.9604  best 0.9626  lr 9.8e-07     1.1s
[gine] epoch  85  train_loss 0.0811  val_F1 0.9613  best 0.9626  lr 9.8e-07     1.1s
[gine] epoch  86  train_loss 0.0792  val_F1 0.9604  best 0.9626  lr 9.8e-07     1.0s
[gine] epoch  87  train_loss 0.0805  val_F1 0.9616  best 0.9626  lr 9.8e-07     0.9s
[gine] early stopping at epoch 87 (no val_F1 improvement for 20 epochs)

total fit time 106.3s, best val F1 0.9626

=== val (gine) ===
  n           55,049    n_pos   39,439
  accuracy  0.9446
  precision 0.9313
  recall    0.9961
  F1        0.9626
  PR-AUC    0.9643
  ROC-AUC   0.9345
  confusion [[tn=12711 fp=2899]
             [fn=152 tp=39287]]

per-scenario:
  scenario                               n    pos      F1   PR-AUC
  ctu13-1                              991    736  0.9905   0.9981
  ctu13-13                             456    141  0.9929   1.0000
  ctu13-2                              269    185  1.0000   1.0000
  ctu13-3                            1,427      0  0.0000      nan
  ctu13-4                              314     17  0.4118   0.4792
  ctu13-6                              136     95  0.9947   1.0000
  ctu13-8                              518    100  0.9032   0.9829
  ctu13-9                            2,463  2,247  0.9791   0.9996
  iot23-1-1                         33,847  31,109  0.9611   0.9435
  iot23-17-1                           499    369  1.0000   1.0000
  iot23-3-1                            212    169  0.8871   0.9781
  iot23-33-1                           236    153  0.8635   0.9341
  iot23-35-1                         9,297      0  0.0000      nan
  iot23-48-1                         4,028  3,982  0.9995   1.0000
  iot23-7-1                            113     28  0.9630   0.9890
  iot23-9-1                            137      2  0.2000   0.5278
  medbiot-bashlite_mal_CC_all           37     37  1.0000   1.0000
  medbiot-mirai_mal_CC_all              26     26  1.0000   1.0000
  medbiot-mirai_mal_spread_all          43     43  0.9383   1.0000

=== test (gine) ===
  n           59,210    n_pos   41,063
  accuracy  0.9421
  precision 0.9303
  recall    0.9906
  F1        0.9595
  PR-AUC    0.9610
  ROC-AUC   0.9385
  confusion [[tn=15100 fp=3047]
             [fn=384 tp=40679]]

per-scenario:
  scenario                               n    pos      F1   PR-AUC
  ctu13-1                              860    620  0.9935   0.9998
  ctu13-10                           1,048    147  0.6667   0.6974
  ctu13-13                             654    159  0.9844   0.9990
  ctu13-2                              298    216  0.9930   1.0000
  ctu13-3                            1,869     25  0.5581   0.3562
  ctu13-4                              351     90  0.9462   0.9896
  ctu13-6                              167     71  0.9787   0.9944
  ctu13-8                              724     95  0.9312   0.8729
  ctu13-9                            2,611  2,256  0.9787   0.9998
  iot23-1-1                         34,069  31,339  0.9608   0.9428
  iot23-17-1                           484    388  1.0000   1.0000
  iot23-3-1                            152    152  0.9967   1.0000
  iot23-33-1                           142    120  0.9339   0.9950
  iot23-35-1                         9,905     31  0.0671   0.2280
  iot23-48-1                         3,711  3,663  0.9852   0.9996
  iot23-7-1                             93     12  1.0000   1.0000
  iot23-8-1                            879    642  1.0000   1.0000
  iot23-9-1                            153     21  0.6061   0.7466
  medbiot-bashlite_mal_CC_all           56     56  1.0000   1.0000
  medbiot-bashlite_mal_spread_all      800    776  0.9863   1.0000
  medbiot-mirai_mal_CC_all              52     52  0.9903   1.0000
  medbiot-mirai_mal_spread_all         116    116  0.8627   1.0000
  medbiot-torii_mal_all                 16     16  0.2222   1.0000

wrote data\inspection_logs\baseline_gine.json
