device: cuda
Loading split v1 ...
  train graphs=2796  val graphs=926  test graphs=1232
  node feature dim = 9  edge feature dim = 10
  node scaler: mean range [0.01, 82824104.00]  std range [0.0878, 24315088896.00]
  edge scaler: mean range [0.00, 12397508608.00]  std range [0.0034, 5152525254656.00]
  model = GIN  hidden=64  params=30,277
[gin] class weights (benign, bot) = (1.6985337590161995, 0.7085882004735596)
[gin] epoch   1  train_loss 0.4952  val_F1 0.8948  best 0.8948  lr 1.0e-03  *  1.5s
[gin] epoch   2  train_loss 0.4116  val_F1 0.8982  best 0.8982  lr 1.0e-03  *  1.0s
[gin] epoch   3  train_loss 0.3815  val_F1 0.9029  best 0.9029  lr 1.0e-03  *  0.8s
[gin] epoch   4  train_loss 0.4064  val_F1 0.8993  best 0.9029  lr 1.0e-03     0.7s
[gin] epoch   5  train_loss 0.3815  val_F1 0.9101  best 0.9101  lr 1.0e-03  *  0.7s
[gin] epoch   6  train_loss 0.3670  val_F1 0.9188  best 0.9188  lr 1.0e-03  *  0.7s
[gin] epoch   7  train_loss 0.3637  val_F1 0.9064  best 0.9188  lr 1.0e-03     0.8s
[gin] epoch   8  train_loss 0.3670  val_F1 0.8956  best 0.9188  lr 1.0e-03     1.0s
[gin] epoch   9  train_loss 0.3607  val_F1 0.9002  best 0.9188  lr 1.0e-03     0.9s
[gin] epoch  10  train_loss 0.3704  val_F1 0.9148  best 0.9188  lr 1.0e-03     0.9s
[gin] epoch  11  train_loss 0.3571  val_F1 0.9109  best 0.9188  lr 1.0e-03     0.9s
[gin] epoch  12  train_loss 0.3412  val_F1 0.9203  best 0.9203  lr 1.0e-03  *  0.9s
[gin] epoch  13  train_loss 0.3480  val_F1 0.9232  best 0.9232  lr 1.0e-03  *  1.0s
[gin] epoch  14  train_loss 0.3395  val_F1 0.9284  best 0.9284  lr 1.0e-03  *  0.9s
[gin] epoch  15  train_loss 0.3401  val_F1 0.9182  best 0.9284  lr 1.0e-03     0.9s
[gin] epoch  16  train_loss 0.3395  val_F1 0.8921  best 0.9284  lr 1.0e-03     0.9s
[gin] epoch  17  train_loss 0.3471  val_F1 0.9271  best 0.9284  lr 1.0e-03     0.9s
[gin] epoch  18  train_loss 0.3187  val_F1 0.9298  best 0.9298  lr 1.0e-03  *  1.0s
[gin] epoch  19  train_loss 0.3328  val_F1 0.9338  best 0.9338  lr 1.0e-03  *  0.9s
[gin] epoch  20  train_loss 0.3320  val_F1 0.9202  best 0.9338  lr 1.0e-03     1.0s
[gin] epoch  21  train_loss 0.3193  val_F1 0.9329  best 0.9338  lr 1.0e-03     1.0s
[gin] epoch  22  train_loss 0.3279  val_F1 0.9366  best 0.9366  lr 1.0e-03  *  1.0s
[gin] epoch  23  train_loss 0.3214  val_F1 0.9248  best 0.9366  lr 1.0e-03     1.0s
[gin] epoch  24  train_loss 0.3249  val_F1 0.9428  best 0.9428  lr 1.0e-03  *  0.9s
[gin] epoch  25  train_loss 0.3149  val_F1 0.9464  best 0.9464  lr 1.0e-03  *  0.9s
[gin] epoch  26  train_loss 0.3161  val_F1 0.9391  best 0.9464  lr 1.0e-03     0.7s
[gin] epoch  27  train_loss 0.3156  val_F1 0.9346  best 0.9464  lr 1.0e-03     0.7s
[gin] epoch  28  train_loss 0.3301  val_F1 0.9232  best 0.9464  lr 1.0e-03     0.7s
[gin] epoch  29  train_loss 0.3218  val_F1 0.9382  best 0.9464  lr 1.0e-03     0.8s
[gin] epoch  30  train_loss 0.3262  val_F1 0.9355  best 0.9464  lr 1.0e-03     0.9s
[gin] epoch  31  train_loss 0.3121  val_F1 0.9353  best 0.9464  lr 5.0e-04     0.9s
[gin] epoch  32  train_loss 0.3069  val_F1 0.9426  best 0.9464  lr 5.0e-04     0.9s
[gin] epoch  33  train_loss 0.3027  val_F1 0.9470  best 0.9470  lr 5.0e-04  *  0.9s
[gin] epoch  34  train_loss 0.3056  val_F1 0.9441  best 0.9470  lr 5.0e-04     0.9s
[gin] epoch  35  train_loss 0.3033  val_F1 0.9425  best 0.9470  lr 5.0e-04     0.9s
[gin] epoch  36  train_loss 0.3057  val_F1 0.9334  best 0.9470  lr 5.0e-04     0.9s
[gin] epoch  37  train_loss 0.3058  val_F1 0.9445  best 0.9470  lr 5.0e-04     0.9s
[gin] epoch  38  train_loss 0.2975  val_F1 0.9396  best 0.9470  lr 5.0e-04     0.9s
[gin] epoch  39  train_loss 0.3027  val_F1 0.9388  best 0.9470  lr 2.5e-04     0.9s
[gin] epoch  40  train_loss 0.3095  val_F1 0.9383  best 0.9470  lr 2.5e-04     0.9s
[gin] epoch  41  train_loss 0.2912  val_F1 0.9367  best 0.9470  lr 2.5e-04     1.1s
[gin] epoch  42  train_loss 0.2909  val_F1 0.9386  best 0.9470  lr 2.5e-04     0.8s
[gin] epoch  43  train_loss 0.2970  val_F1 0.9360  best 0.9470  lr 2.5e-04     0.9s
[gin] epoch  44  train_loss 0.2905  val_F1 0.9410  best 0.9470  lr 2.5e-04     0.9s
[gin] epoch  45  train_loss 0.2943  val_F1 0.9396  best 0.9470  lr 1.3e-04     1.1s
[gin] epoch  46  train_loss 0.2938  val_F1 0.9436  best 0.9470  lr 1.3e-04     0.9s
[gin] epoch  47  train_loss 0.2886  val_F1 0.9456  best 0.9470  lr 1.3e-04     0.9s
[gin] epoch  48  train_loss 0.2984  val_F1 0.9439  best 0.9470  lr 1.3e-04     1.0s
[gin] epoch  49  train_loss 0.3002  val_F1 0.9433  best 0.9470  lr 1.3e-04     1.1s
[gin] epoch  50  train_loss 0.2841  val_F1 0.9374  best 0.9470  lr 1.3e-04     1.1s
[gin] epoch  51  train_loss 0.2905  val_F1 0.9489  best 0.9489  lr 1.3e-04  *  1.1s
[gin] epoch  52  train_loss 0.2869  val_F1 0.9469  best 0.9489  lr 1.3e-04     1.1s
[gin] epoch  53  train_loss 0.2961  val_F1 0.9444  best 0.9489  lr 1.3e-04     1.2s
[gin] epoch  54  train_loss 0.2977  val_F1 0.9414  best 0.9489  lr 1.3e-04     1.1s
[gin] epoch  55  train_loss 0.2894  val_F1 0.9395  best 0.9489  lr 1.3e-04     0.9s
[gin] epoch  56  train_loss 0.2920  val_F1 0.9389  best 0.9489  lr 1.3e-04     1.1s
[gin] epoch  57  train_loss 0.2981  val_F1 0.9412  best 0.9489  lr 6.3e-05     1.1s
[gin] epoch  58  train_loss 0.2923  val_F1 0.9429  best 0.9489  lr 6.3e-05     1.0s
[gin] epoch  59  train_loss 0.2900  val_F1 0.9443  best 0.9489  lr 6.3e-05     0.9s
[gin] epoch  60  train_loss 0.2879  val_F1 0.9387  best 0.9489  lr 6.3e-05     1.0s
[gin] epoch  61  train_loss 0.2926  val_F1 0.9424  best 0.9489  lr 6.3e-05     0.8s
[gin] epoch  62  train_loss 0.2876  val_F1 0.9422  best 0.9489  lr 6.3e-05     0.9s
[gin] epoch  63  train_loss 0.2890  val_F1 0.9410  best 0.9489  lr 3.1e-05     0.8s
[gin] epoch  64  train_loss 0.2924  val_F1 0.9486  best 0.9489  lr 3.1e-05     0.9s
[gin] epoch  65  train_loss 0.2883  val_F1 0.9412  best 0.9489  lr 3.1e-05     0.8s
[gin] epoch  66  train_loss 0.2924  val_F1 0.9444  best 0.9489  lr 3.1e-05     0.9s
[gin] epoch  67  train_loss 0.2989  val_F1 0.9498  best 0.9498  lr 3.1e-05  *  0.9s
[gin] epoch  68  train_loss 0.2857  val_F1 0.9484  best 0.9498  lr 3.1e-05     0.9s
[gin] epoch  69  train_loss 0.2812  val_F1 0.9474  best 0.9498  lr 3.1e-05     0.9s
[gin] epoch  70  train_loss 0.2878  val_F1 0.9433  best 0.9498  lr 3.1e-05     1.0s
[gin] epoch  71  train_loss 0.2896  val_F1 0.9439  best 0.9498  lr 3.1e-05     1.0s
[gin] epoch  72  train_loss 0.2872  val_F1 0.9453  best 0.9498  lr 3.1e-05     1.0s
[gin] epoch  73  train_loss 0.2918  val_F1 0.9444  best 0.9498  lr 1.6e-05     1.0s
[gin] epoch  74  train_loss 0.2892  val_F1 0.9502  best 0.9502  lr 1.6e-05  *  0.9s
[gin] epoch  75  train_loss 0.2929  val_F1 0.9439  best 0.9502  lr 1.6e-05     1.0s
[gin] epoch  76  train_loss 0.2903  val_F1 0.9409  best 0.9502  lr 1.6e-05     1.0s
[gin] epoch  77  train_loss 0.2847  val_F1 0.9441  best 0.9502  lr 1.6e-05     0.9s
[gin] epoch  78  train_loss 0.2813  val_F1 0.9430  best 0.9502  lr 1.6e-05     0.9s
[gin] epoch  79  train_loss 0.2820  val_F1 0.9447  best 0.9502  lr 1.6e-05     0.9s
[gin] epoch  80  train_loss 0.2826  val_F1 0.9435  best 0.9502  lr 7.8e-06     0.9s
[gin] epoch  81  train_loss 0.2859  val_F1 0.9415  best 0.9502  lr 7.8e-06     0.9s
[gin] epoch  82  train_loss 0.2818  val_F1 0.9447  best 0.9502  lr 7.8e-06     0.9s
[gin] epoch  83  train_loss 0.2853  val_F1 0.9404  best 0.9502  lr 7.8e-06     0.9s
[gin] epoch  84  train_loss 0.2801  val_F1 0.9483  best 0.9502  lr 7.8e-06     0.9s
[gin] epoch  85  train_loss 0.2880  val_F1 0.9398  best 0.9502  lr 7.8e-06     0.9s
[gin] epoch  86  train_loss 0.2894  val_F1 0.9433  best 0.9502  lr 3.9e-06     0.9s
[gin] epoch  87  train_loss 0.2911  val_F1 0.9439  best 0.9502  lr 3.9e-06     0.9s
[gin] epoch  88  train_loss 0.2925  val_F1 0.9433  best 0.9502  lr 3.9e-06     0.7s
[gin] epoch  89  train_loss 0.2813  val_F1 0.9454  best 0.9502  lr 3.9e-06     0.7s
[gin] epoch  90  train_loss 0.2830  val_F1 0.9473  best 0.9502  lr 3.9e-06     0.7s
[gin] epoch  91  train_loss 0.2833  val_F1 0.9441  best 0.9502  lr 3.9e-06     0.7s
[gin] epoch  92  train_loss 0.2920  val_F1 0.9429  best 0.9502  lr 2.0e-06     0.8s
[gin] epoch  93  train_loss 0.2839  val_F1 0.9443  best 0.9502  lr 2.0e-06     0.9s
[gin] epoch  94  train_loss 0.2957  val_F1 0.9445  best 0.9502  lr 2.0e-06     0.7s
[gin] early stopping at epoch 94 (no val_F1 improvement for 20 epochs)

total fit time 104.5s, best val F1 0.9502

=== val (gin) ===
  n           55,049    n_pos   39,439
  accuracy  0.9260
  precision 0.9167
  recall    0.9863
  F1        0.9502
  PR-AUC    0.9463
  ROC-AUC   0.9104
  confusion [[tn=12077 fp=3533]
             [fn=541 tp=38898]]

per-scenario:
  scenario                               n    pos      F1   PR-AUC
  ctu13-1                              991    736  0.9165   0.9844
  ctu13-13                             456    141  0.9358   0.9994
  ctu13-2                              269    185  1.0000   1.0000
  ctu13-3                            1,427      0  0.0000      nan
  ctu13-4                              314     17  0.4231   0.6705
  ctu13-6                              136     95  0.9730   1.0000
  ctu13-8                              518    100  0.0198   0.9512
  ctu13-9                            2,463  2,247  0.9533   0.9977
  iot23-1-1                         33,847  31,109  0.9591   0.9369
  iot23-17-1                           499    369  0.8321   0.8367
  iot23-3-1                            212    169  0.8842   0.8193
  iot23-33-1                           236    153  0.5574   0.7503
  iot23-35-1                         9,297      0  0.0000      nan
  iot23-48-1                         4,028  3,982  0.9962   0.9917
  iot23-7-1                            113     28  0.6667   0.8057
  iot23-9-1                            137      2  0.6667   0.5000
  medbiot-bashlite_mal_CC_all           37     37  1.0000   1.0000
  medbiot-mirai_mal_CC_all              26     26  0.9804   1.0000
  medbiot-mirai_mal_spread_all          43     43  0.9383   1.0000

=== test (gin) ===
  n           59,210    n_pos   41,063
  accuracy  0.9207
  precision 0.9212
  recall    0.9685
  F1        0.9443
  PR-AUC    0.9490
  ROC-AUC   0.9198
  confusion [[tn=14747 fp=3400]
             [fn=1294 tp=39769]]

per-scenario:
  scenario                               n    pos      F1   PR-AUC
  ctu13-1                              860    620  0.8724   0.9576
  ctu13-10                           1,048    147  0.5901   0.7081
  ctu13-13                             654    159  0.8957   0.9694
  ctu13-2                              298    216  0.9835   0.9997
  ctu13-3                            1,869     25  0.0000   0.1237
  ctu13-4                              351     90  0.9175   0.9868
  ctu13-6                              167     71  0.9635   0.9895
  ctu13-8                              724     95  0.0545   0.4022
  ctu13-9                            2,611  2,256  0.9216   0.9919
  iot23-1-1                         34,069  31,339  0.9584   0.9374
  iot23-17-1                           484    388  0.8265   0.8881
  iot23-3-1                            152    152  0.9934   1.0000
  iot23-33-1                           142    120  0.1871   0.8132
  iot23-35-1                         9,905     31  0.0276   0.1142
  iot23-48-1                         3,711  3,663  0.9813   0.9916
  iot23-7-1                             93     12  0.2857   0.6619
  iot23-8-1                            879    642  0.7806   1.0000
  iot23-9-1                            153     21  0.4138   0.4548
  medbiot-bashlite_mal_CC_all           56     56  1.0000   1.0000
  medbiot-bashlite_mal_spread_all      800    776  0.9756   1.0000
  medbiot-mirai_mal_CC_all              52     52  0.8315   1.0000
  medbiot-mirai_mal_spread_all         116    116  0.8458   1.0000
  medbiot-torii_mal_all                 16     16  0.2222   1.0000

wrote data\inspection_logs\baseline_gin.json
