device: cuda
Loading split v1 ...
  train graphs=2796  val graphs=926  test graphs=1232
  node feature dim = 9  edge feature dim = 10
  node scaler: mean range [0.01, 82824104.00]  std range [0.0878, 24315088896.00]
  edge scaler: mean range [0.00, 12397508608.00]  std range [0.0034, 5152525254656.00]
  model = GINE  hidden=64  params=39,173
[gine] class weights (benign, bot) = (1.6985337590161995, 0.7085882004735596)
[gine] using focal loss gamma=2.0  alpha=[1.6985337734222412, 0.708588182926178]
[gine] epoch   1  train_loss 0.1189  val_F1 0.9154  best 0.9154  lr 1.0e-03  *  1.5s
[gine] epoch   2  train_loss 0.0942  val_F1 0.9282  best 0.9282  lr 1.0e-03  *  0.8s
[gine] epoch   3  train_loss 0.0894  val_F1 0.9269  best 0.9282  lr 1.0e-03     0.8s
[gine] epoch   4  train_loss 0.0820  val_F1 0.9356  best 0.9356  lr 1.0e-03  *  0.9s
[gine] epoch   5  train_loss 0.0806  val_F1 0.9255  best 0.9356  lr 1.0e-03     0.9s
[gine] epoch   6  train_loss 0.0784  val_F1 0.9463  best 0.9463  lr 1.0e-03  *  0.9s
[gine] epoch   7  train_loss 0.0774  val_F1 0.9422  best 0.9463  lr 1.0e-03     0.9s
[gine] epoch   8  train_loss 0.0762  val_F1 0.9322  best 0.9463  lr 1.0e-03     1.0s
[gine] epoch   9  train_loss 0.0746  val_F1 0.9525  best 0.9525  lr 1.0e-03  *  1.0s
[gine] epoch  10  train_loss 0.0756  val_F1 0.9425  best 0.9525  lr 1.0e-03     1.0s
[gine] epoch  11  train_loss 0.0718  val_F1 0.9336  best 0.9525  lr 1.0e-03     1.0s
[gine] epoch  12  train_loss 0.0732  val_F1 0.9527  best 0.9527  lr 1.0e-03  *  1.0s
[gine] epoch  13  train_loss 0.0705  val_F1 0.9514  best 0.9527  lr 1.0e-03     1.0s
[gine] epoch  14  train_loss 0.0696  val_F1 0.9538  best 0.9538  lr 1.0e-03  *  1.0s
[gine] epoch  15  train_loss 0.0693  val_F1 0.9615  best 0.9615  lr 1.0e-03  *  1.0s
[gine] epoch  16  train_loss 0.0698  val_F1 0.9526  best 0.9615  lr 1.0e-03     1.0s
[gine] epoch  17  train_loss 0.0703  val_F1 0.9568  best 0.9615  lr 1.0e-03     0.9s
[gine] epoch  18  train_loss 0.0683  val_F1 0.9621  best 0.9621  lr 1.0e-03  *  0.9s
[gine] epoch  19  train_loss 0.0684  val_F1 0.9586  best 0.9621  lr 1.0e-03     0.9s
[gine] epoch  20  train_loss 0.0743  val_F1 0.9501  best 0.9621  lr 1.0e-03     0.9s
[gine] epoch  21  train_loss 0.0681  val_F1 0.9549  best 0.9621  lr 1.0e-03     0.9s
[gine] epoch  22  train_loss 0.0691  val_F1 0.9546  best 0.9621  lr 1.0e-03     1.0s
[gine] epoch  23  train_loss 0.0691  val_F1 0.9615  best 0.9621  lr 1.0e-03     0.9s
[gine] epoch  24  train_loss 0.0685  val_F1 0.9616  best 0.9621  lr 5.0e-04     0.9s
[gine] epoch  25  train_loss 0.0663  val_F1 0.9366  best 0.9621  lr 5.0e-04     0.9s
[gine] epoch  26  train_loss 0.0643  val_F1 0.9602  best 0.9621  lr 5.0e-04     1.0s
[gine] epoch  27  train_loss 0.0671  val_F1 0.9597  best 0.9621  lr 5.0e-04     1.0s
[gine] epoch  28  train_loss 0.0666  val_F1 0.9619  best 0.9621  lr 5.0e-04     0.9s
[gine] epoch  29  train_loss 0.0648  val_F1 0.9616  best 0.9621  lr 5.0e-04     0.8s
[gine] epoch  30  train_loss 0.0635  val_F1 0.9591  best 0.9621  lr 2.5e-04     0.9s
[gine] epoch  31  train_loss 0.0648  val_F1 0.9625  best 0.9625  lr 2.5e-04  *  0.9s
[gine] epoch  32  train_loss 0.0656  val_F1 0.9608  best 0.9625  lr 2.5e-04     0.9s
[gine] epoch  33  train_loss 0.0659  val_F1 0.9618  best 0.9625  lr 2.5e-04     1.0s
[gine] epoch  34  train_loss 0.0634  val_F1 0.9621  best 0.9625  lr 2.5e-04     0.9s
[gine] epoch  35  train_loss 0.0668  val_F1 0.9561  best 0.9625  lr 2.5e-04     0.9s
[gine] epoch  36  train_loss 0.0662  val_F1 0.9625  best 0.9625  lr 2.5e-04     1.0s
[gine] epoch  37  train_loss 0.0645  val_F1 0.9617  best 0.9625  lr 1.3e-04     1.0s
[gine] epoch  38  train_loss 0.0646  val_F1 0.9627  best 0.9627  lr 1.3e-04  *  1.1s
[gine] epoch  39  train_loss 0.0648  val_F1 0.9626  best 0.9627  lr 1.3e-04     1.0s
[gine] epoch  40  train_loss 0.0642  val_F1 0.9494  best 0.9627  lr 1.3e-04     1.0s
[gine] epoch  41  train_loss 0.0634  val_F1 0.9627  best 0.9627  lr 1.3e-04     1.0s
[gine] epoch  42  train_loss 0.0635  val_F1 0.9625  best 0.9627  lr 1.3e-04     1.0s
[gine] epoch  43  train_loss 0.0628  val_F1 0.9630  best 0.9630  lr 1.3e-04  *  1.0s
[gine] epoch  44  train_loss 0.0641  val_F1 0.9503  best 0.9630  lr 1.3e-04     1.0s
[gine] epoch  45  train_loss 0.0628  val_F1 0.9632  best 0.9632  lr 1.3e-04  *  0.9s
[gine] epoch  46  train_loss 0.0635  val_F1 0.9540  best 0.9632  lr 1.3e-04     0.9s
[gine] epoch  47  train_loss 0.0636  val_F1 0.9625  best 0.9632  lr 1.3e-04     0.9s
[gine] epoch  48  train_loss 0.0637  val_F1 0.9531  best 0.9632  lr 1.3e-04     0.9s
[gine] epoch  49  train_loss 0.0635  val_F1 0.9625  best 0.9632  lr 1.3e-04     0.9s
[gine] epoch  50  train_loss 0.0633  val_F1 0.9628  best 0.9632  lr 1.3e-04     1.0s
[gine] epoch  51  train_loss 0.0628  val_F1 0.9629  best 0.9632  lr 6.3e-05     0.9s
[gine] epoch  52  train_loss 0.0645  val_F1 0.9619  best 0.9632  lr 6.3e-05     0.9s
[gine] epoch  53  train_loss 0.0629  val_F1 0.9627  best 0.9632  lr 6.3e-05     1.0s
[gine] epoch  54  train_loss 0.0642  val_F1 0.9629  best 0.9632  lr 6.3e-05     1.0s
[gine] epoch  55  train_loss 0.0629  val_F1 0.9613  best 0.9632  lr 6.3e-05     1.0s
[gine] epoch  56  train_loss 0.0634  val_F1 0.9629  best 0.9632  lr 6.3e-05     0.9s
[gine] epoch  57  train_loss 0.0627  val_F1 0.9633  best 0.9633  lr 3.1e-05  *  0.9s
[gine] epoch  58  train_loss 0.0636  val_F1 0.9631  best 0.9633  lr 3.1e-05     0.9s
[gine] epoch  59  train_loss 0.0634  val_F1 0.9628  best 0.9633  lr 3.1e-05     1.0s
[gine] epoch  60  train_loss 0.0637  val_F1 0.9629  best 0.9633  lr 3.1e-05     0.9s
[gine] epoch  61  train_loss 0.0626  val_F1 0.9632  best 0.9633  lr 3.1e-05     0.9s
[gine] epoch  62  train_loss 0.0625  val_F1 0.9585  best 0.9633  lr 3.1e-05     0.9s
[gine] epoch  63  train_loss 0.0627  val_F1 0.9629  best 0.9633  lr 1.6e-05     1.0s
[gine] epoch  64  train_loss 0.0633  val_F1 0.9631  best 0.9633  lr 1.6e-05     1.0s
[gine] epoch  65  train_loss 0.0624  val_F1 0.9633  best 0.9633  lr 1.6e-05  *  1.0s
[gine] epoch  66  train_loss 0.0624  val_F1 0.9631  best 0.9633  lr 1.6e-05     1.0s
[gine] epoch  67  train_loss 0.0636  val_F1 0.9630  best 0.9633  lr 1.6e-05     1.0s
[gine] epoch  68  train_loss 0.0634  val_F1 0.9628  best 0.9633  lr 1.6e-05     1.0s
[gine] epoch  69  train_loss 0.0637  val_F1 0.9621  best 0.9633  lr 1.6e-05     1.0s
[gine] epoch  70  train_loss 0.0617  val_F1 0.9630  best 0.9633  lr 1.6e-05     1.0s
[gine] epoch  71  train_loss 0.0634  val_F1 0.9631  best 0.9633  lr 7.8e-06     0.9s
[gine] epoch  72  train_loss 0.0629  val_F1 0.9618  best 0.9633  lr 7.8e-06     0.9s
[gine] epoch  73  train_loss 0.0627  val_F1 0.9630  best 0.9633  lr 7.8e-06     1.0s
[gine] epoch  74  train_loss 0.0627  val_F1 0.9628  best 0.9633  lr 7.8e-06     0.9s
[gine] epoch  75  train_loss 0.0636  val_F1 0.9620  best 0.9633  lr 7.8e-06     0.9s
[gine] epoch  76  train_loss 0.0623  val_F1 0.9630  best 0.9633  lr 7.8e-06     0.9s
[gine] epoch  77  train_loss 0.0628  val_F1 0.9625  best 0.9633  lr 3.9e-06     1.0s
[gine] epoch  78  train_loss 0.0623  val_F1 0.9630  best 0.9633  lr 3.9e-06     1.0s
[gine] epoch  79  train_loss 0.0630  val_F1 0.9579  best 0.9633  lr 3.9e-06     1.0s
[gine] epoch  80  train_loss 0.0623  val_F1 0.9630  best 0.9633  lr 3.9e-06     1.0s
[gine] epoch  81  train_loss 0.0625  val_F1 0.9632  best 0.9633  lr 3.9e-06     1.0s
[gine] epoch  82  train_loss 0.0636  val_F1 0.9631  best 0.9633  lr 3.9e-06     1.0s
[gine] epoch  83  train_loss 0.0620  val_F1 0.9631  best 0.9633  lr 2.0e-06     0.9s
[gine] epoch  84  train_loss 0.0627  val_F1 0.9629  best 0.9633  lr 2.0e-06     1.1s
[gine] epoch  85  train_loss 0.0634  val_F1 0.9629  best 0.9633  lr 2.0e-06     0.9s
[gine] early stopping at epoch 85 (no val_F1 improvement for 20 epochs)

total fit time 97.3s, best val F1 0.9633

=== val (gine) ===
  n           55,049    n_pos   39,439
  accuracy  0.9456
  precision 0.9315
  recall    0.9974
  F1        0.9633
  PR-AUC    0.9571
  ROC-AUC   0.9274
  confusion [[tn=12715 fp=2895]
             [fn=101 tp=39338]]

per-scenario:
  scenario                               n    pos      F1   PR-AUC
  ctu13-1                              991    736  0.9959   0.9998
  ctu13-13                             456    141  0.9929   1.0000
  ctu13-2                              269    185  1.0000   1.0000
  ctu13-3                            1,427      0  0.0000      nan
  ctu13-4                              314     17  0.5161   0.4646
  ctu13-6                              136     95  0.9947   1.0000
  ctu13-8                              518    100  0.9901   0.9909
  ctu13-9                            2,463  2,247  0.9847   0.9997
  iot23-1-1                         33,847  31,109  0.9611   0.9440
  iot23-17-1                           499    369  1.0000   1.0000
  iot23-3-1                            212    169  0.8871   0.9690
  iot23-33-1                           236    153  0.8688   0.9333
  iot23-35-1                         9,297      0  0.0000      nan
  iot23-48-1                         4,028  3,982  0.9995   1.0000
  iot23-7-1                            113     28  0.9231   0.9635
  iot23-9-1                            137      2  0.2222   0.1472
  medbiot-bashlite_mal_CC_all           37     37  1.0000   1.0000
  medbiot-mirai_mal_CC_all              26     26  1.0000   1.0000
  medbiot-mirai_mal_spread_all          43     43  0.9512   1.0000

=== test (gine) ===
  n           59,210    n_pos   41,063
  accuracy  0.9417
  precision 0.9300
  recall    0.9904
  F1        0.9593
  PR-AUC    0.9550
  ROC-AUC   0.9315
  confusion [[tn=15086 fp=3061]
             [fn=393 tp=40670]]

per-scenario:
  scenario                               n    pos      F1   PR-AUC
  ctu13-1                              860    620  0.9870   0.9995
  ctu13-10                           1,048    147  0.6288   0.7357
  ctu13-13                             654    159  0.9845   0.9993
  ctu13-2                              298    216  0.9977   1.0000
  ctu13-3                            1,869     25  0.4545   0.3605
  ctu13-4                              351     90  0.9514   0.9901
  ctu13-6                              167     71  0.9645   0.9964
  ctu13-8                              724     95  0.9641   0.9604
  ctu13-9                            2,611  2,256  0.9790   0.9997
  iot23-1-1                         34,069  31,339  0.9608   0.9433
  iot23-17-1                           484    388  1.0000   1.0000
  iot23-3-1                            152    152  0.9967   1.0000
  iot23-33-1                           142    120  0.9196   0.9845
  iot23-35-1                         9,905     31  0.0670   0.2500
  iot23-48-1                         3,711  3,663  0.9853   0.9997
  iot23-7-1                             93     12  0.9091   1.0000
  iot23-8-1                            879    642  1.0000   1.0000
  iot23-9-1                            153     21  0.5714   0.8014
  medbiot-bashlite_mal_CC_all           56     56  1.0000   1.0000
  medbiot-bashlite_mal_spread_all      800    776  0.9850   1.0000
  medbiot-mirai_mal_CC_all              52     52  0.9903   1.0000
  medbiot-mirai_mal_spread_all         116    116  0.8683   1.0000
  medbiot-torii_mal_all                 16     16  0.2222   1.0000

wrote data\inspection_logs\baseline_gine_matched.json
