device: cuda
train=2796 val=926 test=1232
fitting edge/node scalers + class weights (graphs only) ...
lazy flow_seq datasets ready  raw_feat_dim=9
C:\Users\Kenneth Igbo\Documents\Yakub_thesis\higt-bot-code\src\models\temporal.py:80: UserWarning: enable_nested_tensor is True, but self.use_nested_tensor is False because encoder_layer.norm_first was True
  self.encoder = nn.TransformerEncoder(enc_layer, num_layers=num_layers)
TemporalGINE params: 144,325  encoder_chunk=64
loaded SSL encoder init from experiments\phase6\encoder_ssl_pretrain.pt  best_pretrain_loss=0.0648
[t-gine] class weights (benign, bot) = (1.6985337590161995, 0.7085882004735596)
[t-gine] AMP enabled
[t-gine] grad_accum_steps=8  effective_batch=16
[t-gine] using focal loss gamma=2.0  alpha=[1.6985337734222412, 0.708588182926178]
[t-gine] epoch   1  train_loss 0.1152  val_F1 0.9099  best 0.9099  lr 1.0e-03  *  40.9s
[t-gine] epoch   2  train_loss 0.0750  val_F1 0.9627  best 0.9627  lr 1.0e-03  *  43.4s
[t-gine] epoch   3  train_loss 0.0539  val_F1 0.9559  best 0.9627  lr 1.0e-03     43.7s
[t-gine] epoch   4  train_loss 0.0538  val_F1 0.9638  best 0.9638  lr 1.0e-03  *  44.0s
[t-gine] epoch   5  train_loss 0.0501  val_F1 0.9647  best 0.9647  lr 1.0e-03  *  44.0s
[t-gine] epoch   6  train_loss 0.0483  val_F1 0.9596  best 0.9647  lr 1.0e-03     44.1s
[t-gine] epoch   7  train_loss 0.0492  val_F1 0.9374  best 0.9647  lr 1.0e-03     44.0s
[t-gine] epoch   8  train_loss 0.0502  val_F1 0.9584  best 0.9647  lr 1.0e-03     44.4s
[t-gine] epoch   9  train_loss 0.0482  val_F1 0.9660  best 0.9660  lr 1.0e-03  *  45.5s
[t-gine] epoch  10  train_loss 0.0471  val_F1 0.9492  best 0.9660  lr 1.0e-03     45.5s
[t-gine] epoch  11  train_loss 0.0474  val_F1 0.9659  best 0.9660  lr 1.0e-03     45.5s
[t-gine] epoch  12  train_loss 0.0467  val_F1 0.9604  best 0.9660  lr 1.0e-03     45.5s
[t-gine] epoch  13  train_loss 0.0443  val_F1 0.9602  best 0.9660  lr 1.0e-03     44.4s
[t-gine] epoch  14  train_loss 0.0458  val_F1 0.9672  best 0.9672  lr 1.0e-03  *  45.6s
[t-gine] epoch  15  train_loss 0.0456  val_F1 0.9647  best 0.9672  lr 1.0e-03     45.8s
[t-gine] epoch  16  train_loss 0.0455  val_F1 0.9673  best 0.9673  lr 1.0e-03  *  45.9s
[t-gine] epoch  17  train_loss 0.0446  val_F1 0.8995  best 0.9673  lr 1.0e-03     45.9s
[t-gine] epoch  18  train_loss 0.0440  val_F1 0.9670  best 0.9673  lr 1.0e-03     46.0s
[t-gine] epoch  19  train_loss 0.0451  val_F1 0.8735  best 0.9673  lr 1.0e-03     44.9s
[t-gine] epoch  20  train_loss 0.0460  val_F1 0.9497  best 0.9673  lr 5.0e-04     45.8s
[t-gine] epoch  21  train_loss 0.0450  val_F1 0.9655  best 0.9673  lr 5.0e-04     45.8s
[t-gine] epoch  22  train_loss 0.0423  val_F1 0.9667  best 0.9673  lr 5.0e-04     46.0s
[t-gine] epoch  23  train_loss 0.0432  val_F1 0.9676  best 0.9676  lr 5.0e-04  *  46.1s
[t-gine] epoch  24  train_loss 0.0438  val_F1 0.9677  best 0.9677  lr 5.0e-04  *  46.0s
[t-gine] epoch  25  train_loss 0.0419  val_F1 0.9672  best 0.9677  lr 5.0e-04     46.1s
[t-gine] epoch  26  train_loss 0.0435  val_F1 0.8694  best 0.9677  lr 5.0e-04     45.9s
[t-gine] epoch  27  train_loss 0.0431  val_F1 0.8783  best 0.9677  lr 5.0e-04     45.9s
[t-gine] epoch  28  train_loss 0.0424  val_F1 0.9136  best 0.9677  lr 5.0e-04     44.6s
[t-gine] epoch  29  train_loss 0.0436  val_F1 0.9043  best 0.9677  lr 2.5e-04     44.8s
[t-gine] epoch  30  train_loss 0.0417  val_F1 0.9676  best 0.9677  lr 2.5e-04     46.1s
[t-gine] epoch  31  train_loss 0.0418  val_F1 0.9587  best 0.9677  lr 2.5e-04     46.0s
[t-gine] epoch  32  train_loss 0.0423  val_F1 0.9600  best 0.9677  lr 2.5e-04     46.0s
[t-gine] epoch  33  train_loss 0.0431  val_F1 0.9518  best 0.9677  lr 2.5e-04     46.1s
[t-gine] epoch  34  train_loss 0.0413  val_F1 0.9667  best 0.9677  lr 2.5e-04     46.0s
[t-gine] epoch  35  train_loss 0.0413  val_F1 0.9676  best 0.9677  lr 1.3e-04     46.1s
[t-gine] epoch  36  train_loss 0.0421  val_F1 0.9678  best 0.9678  lr 1.3e-04  *  46.2s
[t-gine] epoch  37  train_loss 0.0420  val_F1 0.9678  best 0.9678  lr 1.3e-04  *  45.4s
[t-gine] epoch  38  train_loss 0.0416  val_F1 0.8857  best 0.9678  lr 1.3e-04     44.9s
[t-gine] epoch  39  train_loss 0.0419  val_F1 0.9676  best 0.9678  lr 1.3e-04     46.3s
[t-gine] epoch  40  train_loss 0.0405  val_F1 0.8821  best 0.9678  lr 1.3e-04     46.3s
[t-gine] epoch  41  train_loss 0.0412  val_F1 0.8994  best 0.9678  lr 1.3e-04     46.3s
[t-gine] epoch  42  train_loss 0.0419  val_F1 0.9677  best 0.9678  lr 6.3e-05     46.2s
[t-gine] epoch  43  train_loss 0.0408  val_F1 0.9677  best 0.9678  lr 6.3e-05     46.2s
[t-gine] epoch  44  train_loss 0.0417  val_F1 0.9574  best 0.9678  lr 6.3e-05     46.3s
[t-gine] epoch  45  train_loss 0.0408  val_F1 0.9293  best 0.9678  lr 6.3e-05     46.0s
[t-gine] epoch  46  train_loss 0.0417  val_F1 0.9678  best 0.9678  lr 6.3e-05     46.4s
[t-gine] epoch  47  train_loss 0.0405  val_F1 0.9671  best 0.9678  lr 6.3e-05     46.2s
[t-gine] epoch  48  train_loss 0.0408  val_F1 0.9152  best 0.9678  lr 3.1e-05     46.3s
[t-gine] epoch  49  train_loss 0.0412  val_F1 0.8744  best 0.9678  lr 3.1e-05     46.1s
[t-gine] epoch  50  train_loss 0.0419  val_F1 0.9676  best 0.9678  lr 3.1e-05     46.2s
[t-gine] epoch  51  train_loss 0.0408  val_F1 0.9676  best 0.9678  lr 3.1e-05     46.1s
[t-gine] epoch  52  train_loss 0.0401  val_F1 0.9289  best 0.9678  lr 3.1e-05     46.4s
[t-gine] epoch  53  train_loss 0.0407  val_F1 0.9677  best 0.9678  lr 3.1e-05     46.1s
[t-gine] epoch  54  train_loss 0.0411  val_F1 0.9676  best 0.9678  lr 1.6e-05     46.3s
[t-gine] epoch  55  train_loss 0.0405  val_F1 0.9675  best 0.9678  lr 1.6e-05     46.1s
[t-gine] epoch  56  train_loss 0.0418  val_F1 0.9676  best 0.9678  lr 1.6e-05     46.3s
[t-gine] epoch  57  train_loss 0.0411  val_F1 0.8680  best 0.9678  lr 1.6e-05     46.4s
[t-gine] early stopping at epoch 57 (no val_F1 improvement for 20 epochs)

total fit 2944.7s  best val F1 0.9678

=== val (temporal-gine) ===
  n           55,049    n_pos   39,439
  accuracy  0.9524
  precision 0.9385
  recall    0.9991
  F1        0.9678
  PR-AUC    0.9663
  ROC-AUC   0.9387
  confusion [[tn=13026 fp=2584]
             [fn=37 tp=39402]]

per-scenario:
  scenario                               n    pos      F1   PR-AUC
  ctu13-1                              991    736  0.9986   1.0000
  ctu13-13                             456    141  1.0000   1.0000
  ctu13-2                              269    185  1.0000   1.0000
  ctu13-3                            1,427      0  0.0000      nan
  ctu13-4                              314     17  0.7407   0.7852
  ctu13-6                              136     95  1.0000   1.0000
  ctu13-8                              518    100  0.9950   0.9948
  ctu13-9                            2,463  2,247  0.9998   1.0000
  iot23-1-1                         33,847  31,109  0.9611   0.9348
  iot23-17-1                           499    369  1.0000   1.0000
  iot23-3-1                            212    169  0.8871   0.9948
  iot23-33-1                           236    153  0.9247   0.9843
  iot23-35-1                         9,297      0  0.0000      nan
  iot23-48-1                         4,028  3,982  0.9992   1.0000
  iot23-7-1                            113     28  0.9434   0.9746
  iot23-9-1                            137      2  0.4444   0.8333
  medbiot-bashlite_mal_CC_all           37     37  1.0000   1.0000
  medbiot-mirai_mal_CC_all              26     26  1.0000   1.0000
  medbiot-mirai_mal_spread_all          43     43  1.0000   1.0000

=== test (temporal-gine) ===
  n           59,210    n_pos   41,063
  accuracy  0.9433
  precision 0.9387
  recall    0.9824
  F1        0.9601
  PR-AUC    0.9646
  ROC-AUC   0.9384
  confusion [[tn=15513 fp=2634]
             [fn=721 tp=40342]]

per-scenario:
  scenario                               n    pos      F1   PR-AUC
  ctu13-1                              860    620  0.9984   1.0000
  ctu13-10                           1,048    147  0.5870   0.5205
  ctu13-13                             654    159  0.9969   1.0000
  ctu13-2                              298    216  1.0000   1.0000
  ctu13-3                            1,869     25  0.8889   0.9903
  ctu13-4                              351     90  0.9888   0.9999
  ctu13-6                              167     71  0.9857   0.9992
  ctu13-8                              724     95  1.0000   1.0000
  ctu13-9                            2,611  2,256  0.9998   1.0000
  iot23-1-1                         34,069  31,339  0.9608   0.9387
  iot23-17-1                           484    388  1.0000   1.0000
  iot23-3-1                            152    152  1.0000   1.0000
  iot23-33-1                           142    120  0.7960   0.9779
  iot23-35-1                         9,905     31  0.6230   0.5730
  iot23-48-1                         3,711  3,663  1.0000   1.0000
  iot23-7-1                             93     12  0.8000   0.9471
  iot23-8-1                            879    642  1.0000   1.0000
  iot23-9-1                            153     21  0.8293   0.9321
  medbiot-bashlite_mal_CC_all           56     56  1.0000   1.0000
  medbiot-bashlite_mal_spread_all      800    776  0.3900   0.9597
  medbiot-mirai_mal_CC_all              52     52  1.0000   1.0000
  medbiot-mirai_mal_spread_all         116    116  1.0000   1.0000
  medbiot-torii_mal_all                 16     16  1.0000   1.0000
saved experiments\phase5\temporal_gine_ssl_init.pt
wrote data\inspection_logs\phase5_temporal_gine_ssl_init.json
