device: cuda  amp=True  emb_dir=data\flow_embeddings  gt=edge layers=2 heads=4
train=2796 val=926 test=1232
fitting scalers + class weights ...
HiGTBot params: 1,355,399
focal loss gamma=2.0 alpha=[1.6985337734222412, 0.708588182926178]
[higt-edge] epoch   1  ce 0.1389  val_F1 0.9514  best 0.9514  lr 5.0e-04  *  25.2s
[higt-edge] epoch   2  ce 0.0870  val_F1 0.9676  best 0.9676  lr 5.0e-04  *  24.9s
[higt-edge] epoch   3  ce 0.0648  val_F1 0.9675  best 0.9676  lr 5.0e-04     24.4s
[higt-edge] epoch   4  ce 0.0560  val_F1 0.9669  best 0.9676  lr 5.0e-04     24.8s
[higt-edge] epoch   5  ce 0.0561  val_F1 0.9679  best 0.9679  lr 5.0e-04  *  24.5s
[higt-edge] epoch   6  ce 0.0564  val_F1 0.9675  best 0.9679  lr 5.0e-04     24.8s
[higt-edge] epoch   7  ce 0.0553  val_F1 0.9661  best 0.9679  lr 5.0e-04     24.4s
[higt-edge] epoch   8  ce 0.0559  val_F1 0.9661  best 0.9679  lr 5.0e-04     24.7s
[higt-edge] epoch   9  ce 0.0560  val_F1 0.9671  best 0.9679  lr 5.0e-04     24.7s
[higt-edge] epoch  10  ce 0.0577  val_F1 0.9654  best 0.9679  lr 5.0e-04     24.7s
[higt-edge] epoch  11  ce 0.0565  val_F1 0.9667  best 0.9679  lr 2.5e-04     24.6s
[higt-edge] epoch  12  ce 0.0548  val_F1 0.9680  best 0.9680  lr 2.5e-04  *  24.7s
[higt-edge] epoch  13  ce 0.0548  val_F1 0.9682  best 0.9682  lr 2.5e-04  *  32.4s
[higt-edge] epoch  14  ce 0.0542  val_F1 0.9676  best 0.9682  lr 2.5e-04     34.2s
[higt-edge] epoch  15  ce 0.0542  val_F1 0.9681  best 0.9682  lr 2.5e-04     34.4s
[higt-edge] epoch  16  ce 0.0537  val_F1 0.9679  best 0.9682  lr 2.5e-04     33.9s
[higt-edge] epoch  17  ce 0.0541  val_F1 0.9680  best 0.9682  lr 2.5e-04     34.2s
[higt-edge] epoch  18  ce 0.0532  val_F1 0.9682  best 0.9682  lr 2.5e-04     33.7s
[higt-edge] epoch  19  ce 0.0536  val_F1 0.9679  best 0.9682  lr 1.3e-04     34.1s
[higt-edge] epoch  20  ce 0.0537  val_F1 0.9681  best 0.9682  lr 1.3e-04     33.6s
[higt-edge] epoch  21  ce 0.0527  val_F1 0.9681  best 0.9682  lr 1.3e-04     34.0s
[higt-edge] epoch  22  ce 0.0527  val_F1 0.9679  best 0.9682  lr 1.3e-04     33.5s
[higt-edge] epoch  23  ce 0.0525  val_F1 0.9680  best 0.9682  lr 1.3e-04     33.9s
[higt-edge] epoch  24  ce 0.0522  val_F1 0.9679  best 0.9682  lr 1.3e-04     33.6s
[higt-edge] epoch  25  ce 0.0529  val_F1 0.9681  best 0.9682  lr 6.3e-05     33.9s
[higt-edge] epoch  26  ce 0.0538  val_F1 0.9682  best 0.9682  lr 6.3e-05     33.7s
[higt-edge] epoch  27  ce 0.0528  val_F1 0.9681  best 0.9682  lr 6.3e-05     34.4s
[higt-edge] epoch  28  ce 0.0523  val_F1 0.9680  best 0.9682  lr 6.3e-05     33.6s
[higt-edge] early stop at epoch 28

total fit 1025.9s  best val F1 0.9682

=== val (higt-edge) ===
  n           55,049    n_pos   39,439
  accuracy  0.9529
  precision 0.9387
  recall    0.9996
  F1        0.9682
  PR-AUC    0.9683
  ROC-AUC   0.9421
  confusion [[tn=13036 fp=2574]
             [fn=17 tp=39422]]

per-scenario:
  scenario                               n    pos      F1   PR-AUC
  ctu13-1                              991    736  0.9953   0.9997
  ctu13-13                             456    141  1.0000   1.0000
  ctu13-2                              269    185  1.0000   1.0000
  ctu13-3                            1,427      0  0.0000      nan
  ctu13-4                              314     17  0.6400   0.7727
  ctu13-6                              136     95  1.0000   1.0000
  ctu13-8                              518    100  1.0000   1.0000
  ctu13-9                            2,463  2,247  0.9993   1.0000
  iot23-1-1                         33,847  31,109  0.9611   0.9410
  iot23-17-1                           499    369  1.0000   1.0000
  iot23-3-1                            212    169  0.8871   0.9485
  iot23-33-1                           236    153  0.9739   0.9914
  iot23-35-1                         9,297      0  0.0000      nan
  iot23-48-1                         4,028  3,982  1.0000   1.0000
  iot23-7-1                            113     28  0.9231   1.0000
  iot23-9-1                            137      2  1.0000   1.0000
  medbiot-bashlite_mal_CC_all           37     37  1.0000   1.0000
  medbiot-mirai_mal_CC_all              26     26  1.0000   1.0000
  medbiot-mirai_mal_spread_all          43     43  1.0000   1.0000

=== test (higt-edge) ===
  n           59,210    n_pos   41,063
  accuracy  0.9506
  precision 0.9392
  recall    0.9931
  F1        0.9654
  PR-AUC    0.9690
  ROC-AUC   0.9493
  confusion [[tn=15509 fp=2638]
             [fn=285 tp=40778]]

per-scenario:
  scenario                               n    pos      F1   PR-AUC
  ctu13-1                              860    620  0.8269   0.9979
  ctu13-10                           1,048    147  0.6406   0.6588
  ctu13-13                             654    159  0.9938   1.0000
  ctu13-2                              298    216  1.0000   1.0000
  ctu13-3                            1,869     25  0.7500   0.9378
  ctu13-4                              351     90  0.9832   0.9992
  ctu13-6                              167     71  0.9930   1.0000
  ctu13-8                              724     95  0.9896   1.0000
  ctu13-9                            2,611  2,256  0.9993   1.0000
  iot23-1-1                         34,069  31,339  0.9608   0.9399
  iot23-17-1                           484    388  1.0000   1.0000
  iot23-3-1                            152    152  1.0000   1.0000
  iot23-33-1                           142    120  0.9959   1.0000
  iot23-35-1                         9,905     31  0.3077   0.6753
  iot23-48-1                         3,711  3,663  1.0000   1.0000
  iot23-7-1                             93     12  0.7368   1.0000
  iot23-8-1                            879    642  1.0000   1.0000
  iot23-9-1                            153     21  0.9231   0.9908
  medbiot-bashlite_mal_CC_all           56     56  1.0000   1.0000
  medbiot-bashlite_mal_spread_all      800    776  0.9848   1.0000
  medbiot-mirai_mal_CC_all              52     52  1.0000   1.0000
  medbiot-mirai_mal_spread_all         116    116  1.0000   1.0000
  medbiot-torii_mal_all                 16     16  1.0000   1.0000
saved experiments\phase7\higt_bot_edge_seed2.pt
wrote data\inspection_logs\phase7_higt_bot_edge_seed2.json
