device: cuda  amp=True
train=2796 val=926 test=1232
fitting scalers + class weights ...
d_model=64  raw_feat_dim=9  edge_dim=10
HiGTBotDiffPool params: 225,818  K1=100
focal loss gamma=2.0 alpha=[1.6985337734222412, 0.708588182926178]
[hgt] epoch   1  ce 0.0889  link 0.0001  ent 0.3914  val_F1 0.9603  best 0.9603  lr 5.0e-04  *  42.5s
[hgt] epoch   2  ce 0.0640  link 0.0001  ent 0.0864  val_F1 0.9666  best 0.9666  lr 5.0e-04  *  41.7s
[hgt] epoch   3  ce 0.0639  link 0.0002  ent 0.0444  val_F1 0.9655  best 0.9666  lr 5.0e-04     25.0s
[hgt] epoch   4  ce 0.0587  link 0.0002  ent 0.0292  val_F1 0.9667  best 0.9667  lr 5.0e-04  *  25.2s
[hgt] epoch   5  ce 0.0592  link 0.0002  ent 0.0214  val_F1 0.9676  best 0.9676  lr 5.0e-04  *  25.1s
[hgt] epoch   6  ce 0.0568  link 0.0002  ent 0.0159  val_F1 0.9667  best 0.9676  lr 5.0e-04     24.7s
[hgt] epoch   7  ce 0.0564  link 0.0002  ent 0.0127  val_F1 0.9669  best 0.9676  lr 5.0e-04     24.7s
[hgt] epoch   8  ce 0.0592  link 0.0002  ent 0.0109  val_F1 0.9662  best 0.9676  lr 5.0e-04     19.8s
[hgt] epoch   9  ce 0.0560  link 0.0002  ent 0.0092  val_F1 0.9667  best 0.9676  lr 5.0e-04     19.6s
[hgt] epoch  10  ce 0.0566  link 0.0002  ent 0.0083  val_F1 0.9668  best 0.9676  lr 5.0e-04     24.2s
[hgt] epoch  11  ce 0.0552  link 0.0002  ent 0.0076  val_F1 0.9670  best 0.9676  lr 2.5e-04     24.9s
[hgt] epoch  12  ce 0.0542  link 0.0002  ent 0.0073  val_F1 0.9671  best 0.9676  lr 2.5e-04     25.0s
[hgt] epoch  13  ce 0.0548  link 0.0002  ent 0.0068  val_F1 0.9675  best 0.9676  lr 2.5e-04     25.2s
[hgt] epoch  14  ce 0.0530  link 0.0002  ent 0.0066  val_F1 0.9675  best 0.9676  lr 2.5e-04     25.6s
[hgt] epoch  15  ce 0.0549  link 0.0002  ent 0.0064  val_F1 0.9676  best 0.9676  lr 2.5e-04  *  25.7s
[hgt] epoch  16  ce 0.0546  link 0.0002  ent 0.0061  val_F1 0.9658  best 0.9676  lr 2.5e-04     25.5s
[hgt] epoch  17  ce 0.0543  link 0.0002  ent 0.0058  val_F1 0.9675  best 0.9676  lr 1.3e-04     25.5s
[hgt] epoch  18  ce 0.0547  link 0.0002  ent 0.0058  val_F1 0.9675  best 0.9676  lr 1.3e-04     24.9s
[hgt] epoch  19  ce 0.0537  link 0.0002  ent 0.0055  val_F1 0.9676  best 0.9676  lr 1.3e-04     25.4s
[hgt] epoch  20  ce 0.0537  link 0.0002  ent 0.0054  val_F1 0.9677  best 0.9677  lr 1.3e-04  *  26.1s
[hgt] epoch  21  ce 0.0535  link 0.0002  ent 0.0054  val_F1 0.9678  best 0.9678  lr 1.3e-04  *  24.0s
[hgt] epoch  22  ce 0.0540  link 0.0002  ent 0.0054  val_F1 0.9675  best 0.9678  lr 1.3e-04     26.0s
[hgt] epoch  23  ce 0.0547  link 0.0002  ent 0.0051  val_F1 0.9676  best 0.9678  lr 1.3e-04     25.6s
[hgt] epoch  24  ce 0.0540  link 0.0002  ent 0.0050  val_F1 0.9677  best 0.9678  lr 1.3e-04     25.5s
[hgt] epoch  25  ce 0.0546  link 0.0002  ent 0.0051  val_F1 0.9675  best 0.9678  lr 1.3e-04     25.3s
[hgt] epoch  26  ce 0.0536  link 0.0002  ent 0.0050  val_F1 0.9677  best 0.9678  lr 1.3e-04     26.1s
[hgt] epoch  27  ce 0.0542  link 0.0002  ent 0.0049  val_F1 0.9679  best 0.9679  lr 1.3e-04  *  25.1s
[hgt] epoch  28  ce 0.0533  link 0.0002  ent 0.0046  val_F1 0.9677  best 0.9679  lr 1.3e-04     20.3s
[hgt] epoch  29  ce 0.0526  link 0.0002  ent 0.0046  val_F1 0.9637  best 0.9679  lr 1.3e-04     25.3s
[hgt] epoch  30  ce 0.0548  link 0.0002  ent 0.0045  val_F1 0.9676  best 0.9679  lr 1.3e-04     25.1s
[hgt] epoch  31  ce 0.0538  link 0.0002  ent 0.0045  val_F1 0.9677  best 0.9679  lr 1.3e-04     33.6s
[hgt] epoch  32  ce 0.0536  link 0.0002  ent 0.0044  val_F1 0.9677  best 0.9679  lr 1.3e-04     36.4s
[hgt] epoch  33  ce 0.0533  link 0.0002  ent 0.0043  val_F1 0.9675  best 0.9679  lr 6.3e-05     35.0s
[hgt] epoch  34  ce 0.0525  link 0.0002  ent 0.0043  val_F1 0.9678  best 0.9679  lr 6.3e-05     36.5s
[hgt] epoch  35  ce 0.0522  link 0.0002  ent 0.0042  val_F1 0.9676  best 0.9679  lr 6.3e-05     25.0s
[hgt] epoch  36  ce 0.0536  link 0.0002  ent 0.0040  val_F1 0.9677  best 0.9679  lr 6.3e-05     24.7s
[hgt] epoch  37  ce 0.0522  link 0.0002  ent 0.0042  val_F1 0.9678  best 0.9679  lr 6.3e-05     25.0s
[hgt] epoch  38  ce 0.0523  link 0.0002  ent 0.0041  val_F1 0.9676  best 0.9679  lr 6.3e-05     24.8s
[hgt] epoch  39  ce 0.0531  link 0.0002  ent 0.0040  val_F1 0.9679  best 0.9679  lr 3.1e-05  *  24.9s
[hgt] epoch  40  ce 0.0534  link 0.0002  ent 0.0038  val_F1 0.9678  best 0.9679  lr 3.1e-05     24.6s
[hgt] epoch  41  ce 0.0536  link 0.0002  ent 0.0039  val_F1 0.9678  best 0.9679  lr 3.1e-05     24.7s
[hgt] epoch  42  ce 0.0532  link 0.0002  ent 0.0039  val_F1 0.9678  best 0.9679  lr 3.1e-05     24.6s
[hgt] epoch  43  ce 0.0543  link 0.0002  ent 0.0038  val_F1 0.9678  best 0.9679  lr 3.1e-05     25.1s
[hgt] epoch  44  ce 0.0545  link 0.0002  ent 0.0038  val_F1 0.9677  best 0.9679  lr 3.1e-05     25.0s
[hgt] epoch  45  ce 0.0526  link 0.0002  ent 0.0038  val_F1 0.9678  best 0.9679  lr 1.6e-05     25.4s
[hgt] epoch  46  ce 0.0529  link 0.0002  ent 0.0038  val_F1 0.9676  best 0.9679  lr 1.6e-05     24.8s
[hgt] epoch  47  ce 0.0526  link 0.0002  ent 0.0038  val_F1 0.9677  best 0.9679  lr 1.6e-05     24.7s
[hgt] epoch  48  ce 0.0522  link 0.0002  ent 0.0038  val_F1 0.9676  best 0.9679  lr 1.6e-05     24.6s
[hgt] epoch  49  ce 0.0524  link 0.0002  ent 0.0039  val_F1 0.9678  best 0.9679  lr 1.6e-05     24.9s
[hgt] epoch  50  ce 0.0531  link 0.0002  ent 0.0036  val_F1 0.9677  best 0.9679  lr 1.6e-05     24.3s
[hgt] epoch  51  ce 0.0536  link 0.0002  ent 0.0037  val_F1 0.9677  best 0.9679  lr 7.8e-06     24.6s
[hgt] epoch  52  ce 0.0539  link 0.0002  ent 0.0038  val_F1 0.9678  best 0.9679  lr 7.8e-06     24.7s
[hgt] epoch  53  ce 0.0533  link 0.0002  ent 0.0038  val_F1 0.9678  best 0.9679  lr 7.8e-06     24.6s
[hgt] epoch  54  ce 0.0535  link 0.0002  ent 0.0037  val_F1 0.9679  best 0.9679  lr 7.8e-06     24.5s
[hgt] early stop at epoch 54

total fit 1776.5s  best val F1 0.9679

=== val (hgt-diffpool) ===
  n           55,049    n_pos   39,439
  accuracy  0.9525
  precision 0.9386
  recall    0.9991
  F1        0.9679
  PR-AUC    0.9698
  ROC-AUC   0.9443
  confusion [[tn=13031 fp=2579]
             [fn=35 tp=39404]]

per-scenario:
  scenario                               n    pos      F1   PR-AUC
  ctu13-1                              991    736  0.9973   0.9999
  ctu13-13                             456    141  1.0000   1.0000
  ctu13-2                              269    185  1.0000   1.0000
  ctu13-3                            1,427      0  0.0000      nan
  ctu13-4                              314     17  0.6400   0.8684
  ctu13-6                              136     95  0.9947   1.0000
  ctu13-8                              518    100  1.0000   1.0000
  ctu13-9                            2,463  2,247  0.9996   1.0000
  iot23-1-1                         33,847  31,109  0.9611   0.9440
  iot23-17-1                           499    369  1.0000   1.0000
  iot23-3-1                            212    169  0.8783   0.9752
  iot23-33-1                           236    153  0.9320   0.9861
  iot23-35-1                         9,297      0  0.0000      nan
  iot23-48-1                         4,028  3,982  0.9999   1.0000
  iot23-7-1                            113     28  0.9020   0.9988
  iot23-9-1                            137      2  0.8000   1.0000
  medbiot-bashlite_mal_CC_all           37     37  1.0000   1.0000
  medbiot-mirai_mal_CC_all              26     26  1.0000   1.0000
  medbiot-mirai_mal_spread_all          43     43  1.0000   1.0000

=== test (hgt-diffpool) ===
  n           59,210    n_pos   41,063
  accuracy  0.9533
  precision 0.9392
  recall    0.9971
  F1        0.9673
  PR-AUC    0.9691
  ROC-AUC   0.9506
  confusion [[tn=15497 fp=2650]
             [fn=118 tp=40945]]

per-scenario:
  scenario                               n    pos      F1   PR-AUC
  ctu13-1                              860    620  0.9960   0.9999
  ctu13-10                           1,048    147  0.6355   0.7220
  ctu13-13                             654    159  0.9969   1.0000
  ctu13-2                              298    216  1.0000   1.0000
  ctu13-3                            1,869     25  0.8889   0.9753
  ctu13-4                              351     90  0.9831   0.9984
  ctu13-6                              167     71  1.0000   1.0000
  ctu13-8                              724     95  1.0000   1.0000
  ctu13-9                            2,611  2,256  0.9993   0.9990
  iot23-1-1                         34,069  31,339  0.9608   0.9426
  iot23-17-1                           484    388  1.0000   1.0000
  iot23-3-1                            152    152  0.9967   1.0000
  iot23-33-1                           142    120  0.8692   0.9961
  iot23-35-1                         9,905     31  0.5600   0.5988
  iot23-48-1                         3,711  3,663  1.0000   1.0000
  iot23-7-1                             93     12  0.6667   0.9240
  iot23-8-1                            879    642  1.0000   1.0000
  iot23-9-1                            153     21  0.9231   0.9673
  medbiot-bashlite_mal_CC_all           56     56  1.0000   1.0000
  medbiot-bashlite_mal_spread_all      800    776  0.9848   0.9463
  medbiot-mirai_mal_CC_all              52     52  1.0000   1.0000
  medbiot-mirai_mal_spread_all         116    116  1.0000   1.0000
  medbiot-torii_mal_all                 16     16  1.0000   1.0000
saved experiments\phase6\hgt_diffpool.pt
wrote data\inspection_logs\phase6_diffpool.json
