device: cuda  amp=True  emb_dir=data\flow_embeddings  gt=edge layers=2 heads=4
train=2796 val=926 test=1232
fitting scalers + class weights ...
HiGTBot params: 1,355,399
focal loss gamma=2.0 alpha=[1.6985337734222412, 0.708588182926178]
[higt-edge] epoch   1  ce 0.1019  val_F1 0.9655  best 0.9655  lr 5.0e-04  *  50.9s
[higt-edge] epoch   2  ce 0.0656  val_F1 0.9659  best 0.9659  lr 5.0e-04  *  31.8s
[higt-edge] epoch   3  ce 0.0605  val_F1 0.9677  best 0.9677  lr 5.0e-04  *  32.9s
[higt-edge] epoch   4  ce 0.0564  val_F1 0.9678  best 0.9678  lr 5.0e-04  *  33.1s
[higt-edge] epoch   5  ce 0.0567  val_F1 0.9678  best 0.9678  lr 5.0e-04     33.9s
[higt-edge] epoch   6  ce 0.0563  val_F1 0.9681  best 0.9681  lr 5.0e-04  *  40.3s
[higt-edge] epoch   7  ce 0.0580  val_F1 0.9674  best 0.9681  lr 5.0e-04     35.2s
[higt-edge] epoch   8  ce 0.0820  val_F1 0.9670  best 0.9681  lr 5.0e-04     32.3s
[higt-edge] epoch   9  ce 0.0576  val_F1 0.9671  best 0.9681  lr 5.0e-04     34.1s
[higt-edge] epoch  10  ce 0.0639  val_F1 0.9678  best 0.9681  lr 5.0e-04     32.9s
[higt-edge] epoch  11  ce 0.0573  val_F1 0.9324  best 0.9681  lr 5.0e-04     31.7s
[higt-edge] epoch  12  ce 0.0606  val_F1 0.9622  best 0.9681  lr 2.5e-04     31.2s
[higt-edge] epoch  13  ce 0.0550  val_F1 0.9676  best 0.9681  lr 2.5e-04     31.5s
[higt-edge] epoch  14  ce 0.0560  val_F1 0.6937  best 0.9681  lr 2.5e-04     31.5s
[higt-edge] epoch  15  ce 0.0558  val_F1 0.9674  best 0.9681  lr 2.5e-04     33.9s
[higt-edge] epoch  16  ce 0.0551  val_F1 0.9677  best 0.9681  lr 2.5e-04     33.9s
[higt-edge] epoch  17  ce 0.0571  val_F1 0.9674  best 0.9681  lr 2.5e-04     33.0s
[higt-edge] epoch  18  ce 0.0547  val_F1 0.9670  best 0.9681  lr 1.3e-04     33.7s
[higt-edge] epoch  19  ce 0.0539  val_F1 0.9664  best 0.9681  lr 1.3e-04     33.7s
[higt-edge] epoch  20  ce 0.0549  val_F1 0.9674  best 0.9681  lr 1.3e-04     31.1s
[higt-edge] epoch  21  ce 0.0536  val_F1 0.9678  best 0.9681  lr 1.3e-04     34.5s
[higt-edge] early stop at epoch 21

total fit 885.9s  best val F1 0.9681

=== val (higt-edge) ===
  n           55,049    n_pos   39,439
  accuracy  0.9528
  precision 0.9386
  recall    0.9996
  F1        0.9681
  PR-AUC    0.9680
  ROC-AUC   0.9415
  confusion [[tn=13030 fp=2580]
             [fn=17 tp=39422]]

per-scenario:
  scenario                               n    pos      F1   PR-AUC
  ctu13-1                              991    736  0.9946   0.9977
  ctu13-13                             456    141  1.0000   1.0000
  ctu13-2                              269    185  1.0000   1.0000
  ctu13-3                            1,427      0  0.0000      nan
  ctu13-4                              314     17  0.7407   0.8151
  ctu13-6                              136     95  1.0000   1.0000
  ctu13-8                              518    100  0.9950   0.9995
  ctu13-9                            2,463  2,247  0.9998   1.0000
  iot23-1-1                         33,847  31,109  0.9611   0.9411
  iot23-17-1                           499    369  1.0000   1.0000
  iot23-3-1                            212    169  0.8871   0.9641
  iot23-33-1                           236    153  0.9639   0.9860
  iot23-35-1                         9,297      0  0.0000      nan
  iot23-48-1                         4,028  3,982  1.0000   1.0000
  iot23-7-1                            113     28  0.9231   1.0000
  iot23-9-1                            137      2  0.4444   1.0000
  medbiot-bashlite_mal_CC_all           37     37  1.0000   1.0000
  medbiot-mirai_mal_CC_all              26     26  1.0000   1.0000
  medbiot-mirai_mal_spread_all          43     43  1.0000   1.0000

=== test (higt-edge) ===
  n           59,210    n_pos   41,063
  accuracy  0.9535
  precision 0.9389
  recall    0.9979
  F1        0.9675
  PR-AUC    0.9692
  ROC-AUC   0.9494
  confusion [[tn=15480 fp=2667]
             [fn=86 tp=40977]]

per-scenario:
  scenario                               n    pos      F1   PR-AUC
  ctu13-1                              860    620  0.9984   0.9994
  ctu13-10                           1,048    147  0.6519   0.6498
  ctu13-13                             654    159  0.9907   0.9999
  ctu13-2                              298    216  1.0000   1.0000
  ctu13-3                            1,869     25  0.9796   0.9957
  ctu13-4                              351     90  0.9832   0.9996
  ctu13-6                              167     71  0.9793   0.9994
  ctu13-8                              724     95  0.9548   0.9841
  ctu13-9                            2,611  2,256  0.9996   1.0000
  iot23-1-1                         34,069  31,339  0.9608   0.9399
  iot23-17-1                           484    388  1.0000   1.0000
  iot23-3-1                            152    152  0.9967   1.0000
  iot23-33-1                           142    120  0.9432   0.9950
  iot23-35-1                         9,905     31  0.5652   0.7087
  iot23-48-1                         3,711  3,663  1.0000   1.0000
  iot23-7-1                             93     12  0.7368   0.8338
  iot23-8-1                            879    642  1.0000   1.0000
  iot23-9-1                            153     21  0.8571   0.9173
  medbiot-bashlite_mal_CC_all           56     56  1.0000   1.0000
  medbiot-bashlite_mal_spread_all      800    776  0.9898   1.0000
  medbiot-mirai_mal_CC_all              52     52  1.0000   1.0000
  medbiot-mirai_mal_spread_all         116    116  1.0000   1.0000
  medbiot-torii_mal_all                 16     16  1.0000   1.0000
saved experiments\phase7\higt_bot_edge_seed1.pt
wrote data\inspection_logs\phase7_higt_bot_edge_seed1.json
