device: cuda  amp=True
train=2796 val=926 test=1232
fitting scalers + class weights ...
emb_dir=data\flow_embeddings_ssl
d_model=64  raw_feat_dim=9  edge_dim=10
HiGTBotDiffPool params: 225,818  K1=100
focal loss gamma=2.0 alpha=[1.6985337734222412, 0.708588182926178]
[hgt] epoch   1  ce 0.1048  link 0.0001  ent 0.3151  val_F1 0.9606  best 0.9606  lr 5.0e-04  *  40.9s
[hgt] epoch   2  ce 0.0748  link 0.0001  ent 0.0782  val_F1 0.9299  best 0.9606  lr 5.0e-04     20.2s
[hgt] epoch   3  ce 0.0688  link 0.0001  ent 0.0387  val_F1 0.9635  best 0.9635  lr 5.0e-04  *  20.2s
[hgt] epoch   4  ce 0.0649  link 0.0001  ent 0.0301  val_F1 0.9187  best 0.9635  lr 5.0e-04     20.2s
[hgt] epoch   5  ce 0.0636  link 0.0001  ent 0.0238  val_F1 0.9649  best 0.9649  lr 5.0e-04  *  20.0s
[hgt] epoch   6  ce 0.0595  link 0.0001  ent 0.0198  val_F1 0.9651  best 0.9651  lr 5.0e-04  *  19.9s
[hgt] epoch   7  ce 0.0624  link 0.0001  ent 0.0175  val_F1 0.9575  best 0.9651  lr 5.0e-04     20.1s
[hgt] epoch   8  ce 0.0588  link 0.0001  ent 0.0154  val_F1 0.9650  best 0.9651  lr 5.0e-04     19.7s
[hgt] epoch   9  ce 0.0589  link 0.0001  ent 0.0138  val_F1 0.9650  best 0.9651  lr 5.0e-04     20.0s
[hgt] epoch  10  ce 0.0582  link 0.0001  ent 0.0124  val_F1 0.9557  best 0.9651  lr 5.0e-04     19.9s
[hgt] epoch  11  ce 0.0576  link 0.0001  ent 0.0114  val_F1 0.9618  best 0.9651  lr 5.0e-04     20.6s
[hgt] epoch  12  ce 0.0572  link 0.0001  ent 0.0106  val_F1 0.9651  best 0.9651  lr 2.5e-04  *  20.0s
[hgt] epoch  13  ce 0.0568  link 0.0001  ent 0.0105  val_F1 0.9655  best 0.9655  lr 2.5e-04  *  20.2s
[hgt] epoch  14  ce 0.0553  link 0.0001  ent 0.0097  val_F1 0.9654  best 0.9655  lr 2.5e-04     25.0s
[hgt] epoch  15  ce 0.0561  link 0.0001  ent 0.0095  val_F1 0.9662  best 0.9662  lr 2.5e-04  *  24.7s
[hgt] epoch  16  ce 0.0558  link 0.0001  ent 0.0091  val_F1 0.9647  best 0.9662  lr 2.5e-04     25.1s
[hgt] epoch  17  ce 0.0556  link 0.0001  ent 0.0086  val_F1 0.9651  best 0.9662  lr 2.5e-04     24.9s
[hgt] epoch  18  ce 0.0560  link 0.0001  ent 0.0083  val_F1 0.9651  best 0.9662  lr 2.5e-04     24.8s
[hgt] epoch  19  ce 0.0548  link 0.0001  ent 0.0080  val_F1 0.9524  best 0.9662  lr 2.5e-04     24.9s
[hgt] epoch  20  ce 0.0550  link 0.0001  ent 0.0077  val_F1 0.9651  best 0.9662  lr 2.5e-04     25.0s
[hgt] epoch  21  ce 0.0593  link 0.0001  ent 0.0076  val_F1 0.9653  best 0.9662  lr 1.3e-04     24.8s
[hgt] epoch  22  ce 0.0550  link 0.0001  ent 0.0075  val_F1 0.9649  best 0.9662  lr 1.3e-04     24.6s
[hgt] epoch  23  ce 0.0558  link 0.0001  ent 0.0073  val_F1 0.9652  best 0.9662  lr 1.3e-04     24.7s
[hgt] epoch  24  ce 0.0547  link 0.0001  ent 0.0071  val_F1 0.9654  best 0.9662  lr 1.3e-04     25.1s
[hgt] epoch  25  ce 0.0551  link 0.0001  ent 0.0070  val_F1 0.9653  best 0.9662  lr 1.3e-04     24.7s
[hgt] epoch  26  ce 0.0539  link 0.0001  ent 0.0069  val_F1 0.9654  best 0.9662  lr 1.3e-04     24.9s
[hgt] epoch  27  ce 0.0544  link 0.0001  ent 0.0067  val_F1 0.9656  best 0.9662  lr 6.3e-05     24.9s
[hgt] epoch  28  ce 0.0536  link 0.0001  ent 0.0067  val_F1 0.9654  best 0.9662  lr 6.3e-05     24.8s
[hgt] epoch  29  ce 0.0526  link 0.0001  ent 0.0068  val_F1 0.9656  best 0.9662  lr 6.3e-05     24.6s
[hgt] epoch  30  ce 0.0541  link 0.0001  ent 0.0065  val_F1 0.9656  best 0.9662  lr 6.3e-05     20.5s
[hgt] early stop at epoch 30

total fit 883.2s  best val F1 0.9662

=== val (hgt-diffpool) ===
  n           55,049    n_pos   39,439
  accuracy  0.9500
  precision 0.9359
  recall    0.9986
  F1        0.9662
  PR-AUC    0.9649
  ROC-AUC   0.9386
  confusion [[tn=12914 fp=2696]
             [fn=56 tp=39383]]

per-scenario:
  scenario                               n    pos      F1   PR-AUC
  ctu13-1                              991    736  0.9826   0.9993
  ctu13-13                             456    141  1.0000   1.0000
  ctu13-2                              269    185  1.0000   1.0000
  ctu13-3                            1,427      0  0.0000      nan
  ctu13-4                              314     17  0.7586   0.8126
  ctu13-6                              136     95  1.0000   1.0000
  ctu13-8                              518    100  0.9851   0.9996
  ctu13-9                            2,463  2,247  0.9763   0.9882
  iot23-1-1                         33,847  31,109  0.9611   0.9424
  iot23-17-1                           499    369  1.0000   1.0000
  iot23-3-1                            212    169  0.8815   0.9866
  iot23-33-1                           236    153  0.8736   0.9854
  iot23-35-1                         9,297      0  0.0000      nan
  iot23-48-1                         4,028  3,982  1.0000   1.0000
  iot23-7-1                            113     28  0.8800   0.9729
  iot23-9-1                            137      2  0.4000   0.7500
  medbiot-bashlite_mal_CC_all           37     37  1.0000   1.0000
  medbiot-mirai_mal_CC_all              26     26  1.0000   1.0000
  medbiot-mirai_mal_spread_all          43     43  1.0000   1.0000

=== test (hgt-diffpool) ===
  n           59,210    n_pos   41,063
  accuracy  0.9489
  precision 0.9349
  recall    0.9956
  F1        0.9643
  PR-AUC    0.9619
  ROC-AUC   0.9423
  confusion [[tn=15302 fp=2845]
             [fn=179 tp=40884]]

per-scenario:
  scenario                               n    pos      F1   PR-AUC
  ctu13-1                              860    620  0.9864   0.9995
  ctu13-10                           1,048    147  0.6228   0.7078
  ctu13-13                             654    159  0.9906   0.9999
  ctu13-2                              298    216  1.0000   1.0000
  ctu13-3                            1,869     25  0.8936   0.9416
  ctu13-4                              351     90  0.9724   0.9936
  ctu13-6                              167     71  0.9650   0.9983
  ctu13-8                              724     95  0.9630   0.9837
  ctu13-9                            2,611  2,256  0.9521   0.9823
  iot23-1-1                         34,069  31,339  0.9608   0.9424
  iot23-17-1                           484    388  1.0000   1.0000
  iot23-3-1                            152    152  0.9967   1.0000
  iot23-33-1                           142    120  0.8796   0.9965
  iot23-35-1                         9,905     31  0.3077   0.4225
  iot23-48-1                         3,711  3,663  1.0000   1.0000
  iot23-7-1                             93     12  0.6667   0.9755
  iot23-8-1                            879    642  1.0000   1.0000
  iot23-9-1                            153     21  0.6667   0.8946
  medbiot-bashlite_mal_CC_all           56     56  1.0000   1.0000
  medbiot-bashlite_mal_spread_all      800    776  0.9922   0.9997
  medbiot-mirai_mal_CC_all              52     52  1.0000   1.0000
  medbiot-mirai_mal_spread_all         116    116  1.0000   1.0000
  medbiot-torii_mal_all                 16     16  0.7692   1.0000
saved experiments\phase6\hgt_diffpool_ssl.pt
wrote data\inspection_logs\phase6_diffpool_ssl.json
