device: cuda  amp=True
train=2796 val=926 test=1232
fitting scalers + class weights ...
d_model=64  raw_feat_dim=9  edge_dim=10
HiGTBotDiffPool params: 225,818  K1=100
focal loss gamma=2.0 alpha=[1.6985337734222412, 0.708588182926178]
[hgt] epoch   1  ce 0.0885  link 0.0000  ent 0.4039  val_F1 0.9654  best 0.9654  lr 5.0e-04  *  23.4s
[hgt] epoch   2  ce 0.0655  link 0.0001  ent 0.1055  val_F1 0.9503  best 0.9654  lr 5.0e-04     25.3s
[hgt] epoch   3  ce 0.0605  link 0.0002  ent 0.0580  val_F1 0.9611  best 0.9654  lr 5.0e-04     26.1s
[hgt] epoch   4  ce 0.0642  link 0.0002  ent 0.0395  val_F1 0.9670  best 0.9670  lr 5.0e-04  *  26.6s
[hgt] epoch   5  ce 0.0613  link 0.0002  ent 0.0296  val_F1 0.9669  best 0.9670  lr 5.0e-04     26.5s
[hgt] epoch   6  ce 0.0582  link 0.0002  ent 0.0225  val_F1 0.9677  best 0.9677  lr 5.0e-04  *  26.1s
[hgt] epoch   7  ce 0.0589  link 0.0002  ent 0.0180  val_F1 0.9666  best 0.9677  lr 5.0e-04     27.3s
[hgt] epoch   8  ce 0.0601  link 0.0002  ent 0.0150  val_F1 0.9626  best 0.9677  lr 5.0e-04     27.3s
[hgt] epoch   9  ce 0.0601  link 0.0002  ent 0.0118  val_F1 0.9680  best 0.9680  lr 5.0e-04  *  26.3s
[hgt] epoch  10  ce 0.0567  link 0.0002  ent 0.0107  val_F1 0.9654  best 0.9680  lr 5.0e-04     26.8s
[hgt] epoch  11  ce 0.0578  link 0.0002  ent 0.0105  val_F1 0.9654  best 0.9680  lr 5.0e-04     26.2s
[hgt] epoch  12  ce 0.0570  link 0.0002  ent 0.0092  val_F1 0.9656  best 0.9680  lr 5.0e-04     22.9s
[hgt] epoch  13  ce 0.0588  link 0.0002  ent 0.0081  val_F1 0.9557  best 0.9680  lr 5.0e-04     25.2s
[hgt] epoch  14  ce 0.0552  link 0.0002  ent 0.0075  val_F1 0.9647  best 0.9680  lr 5.0e-04     22.4s
[hgt] epoch  15  ce 0.0563  link 0.0002  ent 0.0067  val_F1 0.9658  best 0.9680  lr 2.5e-04     21.7s
[hgt] epoch  16  ce 0.0562  link 0.0002  ent 0.0061  val_F1 0.9666  best 0.9680  lr 2.5e-04     22.1s
[hgt] epoch  17  ce 0.0536  link 0.0002  ent 0.0066  val_F1 0.9655  best 0.9680  lr 2.5e-04     21.3s
[hgt] epoch  18  ce 0.0550  link 0.0002  ent 0.0062  val_F1 0.9666  best 0.9680  lr 2.5e-04     26.0s
[hgt] epoch  19  ce 0.0562  link 0.0002  ent 0.0054  val_F1 0.9653  best 0.9680  lr 2.5e-04     26.3s
[hgt] epoch  20  ce 0.0536  link 0.0002  ent 0.0055  val_F1 0.9654  best 0.9680  lr 2.5e-04     26.8s
[hgt] epoch  21  ce 0.0540  link 0.0002  ent 0.0052  val_F1 0.9652  best 0.9680  lr 1.3e-04     26.9s
[hgt] epoch  22  ce 0.0540  link 0.0002  ent 0.0051  val_F1 0.9653  best 0.9680  lr 1.3e-04     27.5s
[hgt] epoch  23  ce 0.0529  link 0.0002  ent 0.0049  val_F1 0.9656  best 0.9680  lr 1.3e-04     27.0s
[hgt] epoch  24  ce 0.0522  link 0.0002  ent 0.0049  val_F1 0.9655  best 0.9680  lr 1.3e-04     26.8s
[hgt] early stop at epoch 24

total fit 763.7s  best val F1 0.9680

=== val (hgt-diffpool) ===
  n           55,049    n_pos   39,439
  accuracy  0.9527
  precision 0.9386
  recall    0.9992
  F1        0.9680
  PR-AUC    0.9691
  ROC-AUC   0.9433
  confusion [[tn=13034 fp=2576]
             [fn=30 tp=39409]]

per-scenario:
  scenario                               n    pos      F1   PR-AUC
  ctu13-1                              991    736  0.9986   1.0000
  ctu13-13                             456    141  1.0000   1.0000
  ctu13-2                              269    185  1.0000   1.0000
  ctu13-3                            1,427      0  0.0000      nan
  ctu13-4                              314     17  0.5217   0.9316
  ctu13-6                              136     95  1.0000   1.0000
  ctu13-8                              518    100  0.9950   1.0000
  ctu13-9                            2,463  2,247  0.9993   1.0000
  iot23-1-1                         33,847  31,109  0.9611   0.9429
  iot23-17-1                           499    369  1.0000   1.0000
  iot23-3-1                            212    169  0.8806   0.9477
  iot23-33-1                           236    153  0.9431   0.9836
  iot23-35-1                         9,297      0  0.0000      nan
  iot23-48-1                         4,028  3,982  1.0000   1.0000
  iot23-7-1                            113     28  0.9231   0.9762
  iot23-9-1                            137      2  0.3636   0.6250
  medbiot-bashlite_mal_CC_all           37     37  1.0000   1.0000
  medbiot-mirai_mal_CC_all              26     26  1.0000   1.0000
  medbiot-mirai_mal_spread_all          43     43  1.0000   1.0000

=== test (hgt-diffpool) ===
  n           59,210    n_pos   41,063
  accuracy  0.9471
  precision 0.9388
  recall    0.9881
  F1        0.9629
  PR-AUC    0.9685
  ROC-AUC   0.9468
  confusion [[tn=15503 fp=2644]
             [fn=487 tp=40576]]

per-scenario:
  scenario                               n    pos      F1   PR-AUC
  ctu13-1                              860    620  0.9968   1.0000
  ctu13-10                           1,048    147  0.6118   0.5628
  ctu13-13                             654    159  0.9937   0.9999
  ctu13-2                              298    216  1.0000   1.0000
  ctu13-3                            1,869     25  0.9231   0.9680
  ctu13-4                              351     90  0.9888   0.9982
  ctu13-6                              167     71  0.9929   1.0000
  ctu13-8                              724     95  0.9896   0.9936
  ctu13-9                            2,611  2,256  0.9993   1.0000
  iot23-1-1                         34,069  31,339  0.9608   0.9424
  iot23-17-1                           484    388  1.0000   1.0000
  iot23-3-1                            152    152  1.0000   1.0000
  iot23-33-1                           142    120  0.9874   0.9946
  iot23-35-1                         9,905     31  0.0625   0.0423
  iot23-48-1                         3,711  3,663  1.0000   1.0000
  iot23-7-1                             93     12  0.6667   0.8826
  iot23-8-1                            879    642  1.0000   1.0000
  iot23-9-1                            153     21  0.8261   0.8918
  medbiot-bashlite_mal_CC_all           56     56  1.0000   1.0000
  medbiot-bashlite_mal_spread_all      800    776  0.6684   0.9934
  medbiot-mirai_mal_CC_all              52     52  1.0000   1.0000
  medbiot-mirai_mal_spread_all         116    116  1.0000   1.0000
  medbiot-torii_mal_all                 16     16  1.0000   1.0000
saved experiments\phase6\hgt_diffpool_sha.pt
wrote data\inspection_logs\phase6_diffpool_sha.json
