device: cuda  amp=True
train=2796 val=926 test=1232
fitting scalers + class weights ...
emb_dir=data\flow_embeddings_ssl_ft
d_model=64  raw_feat_dim=9  edge_dim=10
HiGTBotDiffPool params: 225,818  K1=100
focal loss gamma=2.0 alpha=[1.6985337734222412, 0.708588182926178]
[hgt] epoch   1  ce 0.0772  link 0.0001  ent 0.3921  val_F1 0.9652  best 0.9652  lr 5.0e-04  *  39.0s
[hgt] epoch   2  ce 0.0609  link 0.0002  ent 0.0815  val_F1 0.9653  best 0.9653  lr 5.0e-04  *  24.9s
[hgt] epoch   3  ce 0.0596  link 0.0002  ent 0.0426  val_F1 0.9646  best 0.9653  lr 5.0e-04     25.2s
[hgt] epoch   4  ce 0.0566  link 0.0002  ent 0.0311  val_F1 0.9660  best 0.9660  lr 5.0e-04  *  24.7s
[hgt] epoch   5  ce 0.0551  link 0.0002  ent 0.0240  val_F1 0.9656  best 0.9660  lr 5.0e-04     25.3s
[hgt] epoch   6  ce 0.0547  link 0.0002  ent 0.0195  val_F1 0.9678  best 0.9678  lr 5.0e-04  *  25.1s
[hgt] epoch   7  ce 0.0538  link 0.0002  ent 0.0168  val_F1 0.9663  best 0.9678  lr 5.0e-04     24.8s
[hgt] epoch   8  ce 0.0538  link 0.0002  ent 0.0148  val_F1 0.9663  best 0.9678  lr 5.0e-04     25.2s
[hgt] epoch   9  ce 0.0547  link 0.0002  ent 0.0130  val_F1 0.9657  best 0.9678  lr 5.0e-04     23.9s
[hgt] epoch  10  ce 0.0574  link 0.0002  ent 0.0123  val_F1 0.9663  best 0.9678  lr 5.0e-04     20.0s
[hgt] epoch  11  ce 0.0528  link 0.0002  ent 0.0108  val_F1 0.9665  best 0.9678  lr 5.0e-04     20.0s
[hgt] epoch  12  ce 0.0530  link 0.0002  ent 0.0096  val_F1 0.9655  best 0.9678  lr 2.5e-04     25.5s
[hgt] epoch  13  ce 0.0537  link 0.0002  ent 0.0087  val_F1 0.9653  best 0.9678  lr 2.5e-04     25.2s
[hgt] epoch  14  ce 0.0526  link 0.0002  ent 0.0083  val_F1 0.9657  best 0.9678  lr 2.5e-04     25.0s
[hgt] epoch  15  ce 0.0545  link 0.0002  ent 0.0080  val_F1 0.9654  best 0.9678  lr 2.5e-04     25.1s
[hgt] epoch  16  ce 0.0534  link 0.0002  ent 0.0076  val_F1 0.9655  best 0.9678  lr 2.5e-04     24.9s
[hgt] epoch  17  ce 0.0525  link 0.0002  ent 0.0072  val_F1 0.9663  best 0.9678  lr 2.5e-04     24.8s
[hgt] epoch  18  ce 0.0538  link 0.0002  ent 0.0070  val_F1 0.9659  best 0.9678  lr 1.3e-04     25.0s
[hgt] epoch  19  ce 0.0528  link 0.0002  ent 0.0065  val_F1 0.9663  best 0.9678  lr 1.3e-04     24.9s
[hgt] epoch  20  ce 0.0524  link 0.0002  ent 0.0063  val_F1 0.9657  best 0.9678  lr 1.3e-04     24.9s
[hgt] epoch  21  ce 0.0525  link 0.0002  ent 0.0063  val_F1 0.9662  best 0.9678  lr 1.3e-04     24.9s
[hgt] early stop at epoch 21

total fit 664.8s  best val F1 0.9678

=== val (hgt-diffpool) ===
  n           55,049    n_pos   39,439
  accuracy  0.9524
  precision 0.9395
  recall    0.9978
  F1        0.9678
  PR-AUC    0.9700
  ROC-AUC   0.9444
  confusion [[tn=13078 fp=2532]
             [fn=88 tp=39351]]

per-scenario:
  scenario                               n    pos      F1   PR-AUC
  ctu13-1                              991    736  0.9836   0.9989
  ctu13-13                             456    141  1.0000   1.0000
  ctu13-2                              269    185  1.0000   1.0000
  ctu13-3                            1,427      0  0.0000      nan
  ctu13-4                              314     17  0.4545   0.6870
  ctu13-6                              136     95  0.9947   1.0000
  ctu13-8                              518    100  0.9899   1.0000
  ctu13-9                            2,463  2,247  0.9998   1.0000
  iot23-1-1                         33,847  31,109  0.9611   0.9421
  iot23-17-1                           499    369  1.0000   1.0000
  iot23-3-1                            212    169  0.9503   0.9912
  iot23-33-1                           236    153  0.8686   0.9835
  iot23-35-1                         9,297      0  0.0000      nan
  iot23-48-1                         4,028  3,982  0.9999   1.0000
  iot23-7-1                            113     28  0.9020   0.9732
  iot23-9-1                            137      2  0.2500   0.6429
  medbiot-bashlite_mal_CC_all           37     37  1.0000   1.0000
  medbiot-mirai_mal_CC_all              26     26  1.0000   1.0000
  medbiot-mirai_mal_spread_all          43     43  1.0000   1.0000

=== test (hgt-diffpool) ===
  n           59,210    n_pos   41,063
  accuracy  0.9520
  precision 0.9391
  recall    0.9953
  F1        0.9664
  PR-AUC    0.9702
  ROC-AUC   0.9507
  confusion [[tn=15498 fp=2649]
             [fn=194 tp=40869]]

per-scenario:
  scenario                               n    pos      F1   PR-AUC
  ctu13-1                              860    620  0.9976   1.0000
  ctu13-10                           1,048    147  0.4724   0.4943
  ctu13-13                             654    159  0.9969   1.0000
  ctu13-2                              298    216  1.0000   1.0000
  ctu13-3                            1,869     25  0.5294   0.9259
  ctu13-4                              351     90  1.0000   1.0000
  ctu13-6                              167     71  0.9784   0.9998
  ctu13-8                              724     95  0.9785   1.0000
  ctu13-9                            2,611  2,256  0.9973   0.9999
  iot23-1-1                         34,069  31,339  0.9608   0.9421
  iot23-17-1                           484    388  1.0000   1.0000
  iot23-3-1                            152    152  0.9934   1.0000
  iot23-33-1                           142    120  0.7839   0.9839
  iot23-35-1                         9,905     31  0.2703   0.2372
  iot23-48-1                         3,711  3,663  1.0000   1.0000
  iot23-7-1                             93     12  0.5000   0.8641
  iot23-8-1                            879    642  1.0000   1.0000
  iot23-9-1                            153     21  0.8000   0.9107
  medbiot-bashlite_mal_CC_all           56     56  1.0000   1.0000
  medbiot-bashlite_mal_spread_all      800    776  0.9848   1.0000
  medbiot-mirai_mal_CC_all              52     52  1.0000   1.0000
  medbiot-mirai_mal_spread_all         116    116  1.0000   1.0000
  medbiot-torii_mal_all                 16     16  1.0000   1.0000
saved experiments\phase6\hgt_diffpool_ssl_ft.pt
wrote data\inspection_logs\phase6_diffpool_ssl_ft.json
