device: cuda  amp=True  emb_dir=data\flow_embeddings  gt=global layers=2 heads=4
train=2796 val=926 test=1232
fitting scalers + class weights ...
HiGTBot params: 607,879
focal loss gamma=2.0 alpha=[1.6985337734222412, 0.708588182926178]
[higt-global] epoch   1  ce 0.0830  val_F1 0.9601  best 0.9601  lr 5.0e-04  *  29.4s
[higt-global] epoch   2  ce 0.0649  val_F1 0.7657  best 0.9601  lr 5.0e-04     27.2s
[higt-global] epoch   3  ce 0.0596  val_F1 0.9665  best 0.9665  lr 5.0e-04  *  24.2s
[higt-global] epoch   4  ce 0.0555  val_F1 0.9494  best 0.9665  lr 5.0e-04     26.9s
[higt-global] epoch   5  ce 0.0565  val_F1 0.9528  best 0.9665  lr 5.0e-04     27.2s
[higt-global] epoch   6  ce 0.0587  val_F1 0.9669  best 0.9669  lr 5.0e-04  *  29.3s
[higt-global] epoch   7  ce 0.0569  val_F1 0.9681  best 0.9681  lr 5.0e-04  *  26.3s
[higt-global] epoch   8  ce 0.0558  val_F1 0.9676  best 0.9681  lr 5.0e-04     27.8s
[higt-global] epoch   9  ce 0.0553  val_F1 0.9678  best 0.9681  lr 5.0e-04     28.2s
[higt-global] epoch  10  ce 0.0536  val_F1 0.9680  best 0.9681  lr 5.0e-04     27.8s
[higt-global] epoch  11  ce 0.0554  val_F1 0.9670  best 0.9681  lr 5.0e-04     29.3s
[higt-global] epoch  12  ce 0.0542  val_F1 0.9675  best 0.9681  lr 5.0e-04     27.7s
[higt-global] epoch  13  ce 0.0547  val_F1 0.9666  best 0.9681  lr 2.5e-04     28.2s
[higt-global] epoch  14  ce 0.0541  val_F1 0.9678  best 0.9681  lr 2.5e-04     28.5s
[higt-global] epoch  15  ce 0.0547  val_F1 0.9681  best 0.9681  lr 2.5e-04     27.8s
[higt-global] epoch  16  ce 0.0543  val_F1 0.9674  best 0.9681  lr 2.5e-04     25.5s
[higt-global] epoch  17  ce 0.0540  val_F1 0.9681  best 0.9681  lr 2.5e-04  *  25.8s
[higt-global] epoch  18  ce 0.0544  val_F1 0.9680  best 0.9681  lr 2.5e-04     25.5s
[higt-global] epoch  19  ce 0.0552  val_F1 0.9677  best 0.9681  lr 1.3e-04     27.7s
[higt-global] epoch  20  ce 0.0535  val_F1 0.9681  best 0.9681  lr 1.3e-04     27.1s
[higt-global] epoch  21  ce 0.0539  val_F1 0.9677  best 0.9681  lr 1.3e-04     29.3s
[higt-global] epoch  22  ce 0.0528  val_F1 0.9674  best 0.9681  lr 1.3e-04     27.5s
[higt-global] epoch  23  ce 0.0532  val_F1 0.9680  best 0.9681  lr 1.3e-04     28.3s
[higt-global] epoch  24  ce 0.0535  val_F1 0.9681  best 0.9681  lr 1.3e-04     27.5s
[higt-global] epoch  25  ce 0.0526  val_F1 0.9681  best 0.9681  lr 6.3e-05  *  24.8s
[higt-global] epoch  26  ce 0.0529  val_F1 0.9681  best 0.9681  lr 6.3e-05     26.5s
[higt-global] epoch  27  ce 0.0520  val_F1 0.9672  best 0.9681  lr 6.3e-05     26.0s
[higt-global] epoch  28  ce 0.0535  val_F1 0.9634  best 0.9681  lr 6.3e-05     24.7s
[higt-global] epoch  29  ce 0.0528  val_F1 0.9681  best 0.9681  lr 6.3e-05  *  24.3s
[higt-global] epoch  30  ce 0.0524  val_F1 0.9549  best 0.9681  lr 6.3e-05     28.4s
[higt-global] epoch  31  ce 0.0529  val_F1 0.9556  best 0.9681  lr 3.1e-05     28.2s
[higt-global] epoch  32  ce 0.0537  val_F1 0.9681  best 0.9681  lr 3.1e-05     26.9s
[higt-global] epoch  33  ce 0.0527  val_F1 0.9681  best 0.9681  lr 3.1e-05     29.1s
[higt-global] epoch  34  ce 0.0513  val_F1 0.9682  best 0.9682  lr 3.1e-05  *  28.2s
[higt-global] epoch  35  ce 0.0527  val_F1 0.9677  best 0.9682  lr 3.1e-05     28.4s
[higt-global] epoch  36  ce 0.0533  val_F1 0.9682  best 0.9682  lr 3.1e-05     28.0s
[higt-global] epoch  37  ce 0.0528  val_F1 0.9682  best 0.9682  lr 3.1e-05     28.0s
[higt-global] epoch  38  ce 0.0532  val_F1 0.9681  best 0.9682  lr 3.1e-05     28.8s
[higt-global] epoch  39  ce 0.0531  val_F1 0.9651  best 0.9682  lr 3.1e-05     26.2s
[higt-global] epoch  40  ce 0.0528  val_F1 0.9664  best 0.9682  lr 1.6e-05     28.1s
[higt-global] epoch  41  ce 0.0526  val_F1 0.9682  best 0.9682  lr 1.6e-05  *  28.0s
[higt-global] epoch  42  ce 0.0673  val_F1 0.9682  best 0.9682  lr 1.6e-05     27.2s
[higt-global] epoch  43  ce 0.0525  val_F1 0.9680  best 0.9682  lr 1.6e-05     27.6s
[higt-global] epoch  44  ce 0.0530  val_F1 0.9671  best 0.9682  lr 1.6e-05     27.6s
[higt-global] epoch  45  ce 0.0528  val_F1 0.9642  best 0.9682  lr 1.6e-05     27.4s
[higt-global] epoch  46  ce 0.0526  val_F1 0.9682  best 0.9682  lr 7.8e-06     28.2s
[higt-global] epoch  47  ce 0.0527  val_F1 0.9619  best 0.9682  lr 7.8e-06     27.7s
[higt-global] epoch  48  ce 0.0528  val_F1 0.9681  best 0.9682  lr 7.8e-06     23.6s
[higt-global] epoch  49  ce 0.0521  val_F1 0.9682  best 0.9682  lr 7.8e-06     22.1s
[higt-global] epoch  50  ce 0.0523  val_F1 0.9682  best 0.9682  lr 7.8e-06     22.6s
[higt-global] epoch  51  ce 0.0528  val_F1 0.9682  best 0.9682  lr 7.8e-06     22.3s
[higt-global] epoch  52  ce 0.0521  val_F1 0.9682  best 0.9682  lr 3.9e-06     22.5s
[higt-global] epoch  53  ce 0.0517  val_F1 0.9516  best 0.9682  lr 3.9e-06     22.4s
[higt-global] epoch  54  ce 0.0514  val_F1 0.9682  best 0.9682  lr 3.9e-06     24.5s
[higt-global] epoch  55  ce 0.0540  val_F1 0.9682  best 0.9682  lr 3.9e-06     28.5s
[higt-global] epoch  56  ce 0.0530  val_F1 0.9513  best 0.9682  lr 3.9e-06     27.9s
[higt-global] early stop at epoch 56

total fit 1884.4s  best val F1 0.9682

=== val (higt-global) ===
  n           55,049    n_pos   39,439
  accuracy  0.9530
  precision 0.9387
  recall    0.9996
  F1        0.9682
  PR-AUC    0.9693
  ROC-AUC   0.9437
  confusion [[tn=13037 fp=2573]
             [fn=15 tp=39424]]

per-scenario:
  scenario                               n    pos      F1   PR-AUC
  ctu13-1                              991    736  0.9953   1.0000
  ctu13-13                             456    141  1.0000   1.0000
  ctu13-2                              269    185  1.0000   1.0000
  ctu13-3                            1,427      0  0.0000      nan
  ctu13-4                              314     17  0.6923   0.8978
  ctu13-6                              136     95  1.0000   1.0000
  ctu13-8                              518    100  1.0000   1.0000
  ctu13-9                            2,463  2,247  0.9996   1.0000
  iot23-1-1                         33,847  31,109  0.9611   0.9429
  iot23-17-1                           499    369  1.0000   1.0000
  iot23-3-1                            212    169  0.8871   0.9748
  iot23-33-1                           236    153  0.9739   0.9918
  iot23-35-1                         9,297      0  0.0000      nan
  iot23-48-1                         4,028  3,982  1.0000   1.0000
  iot23-7-1                            113     28  0.9434   1.0000
  iot23-9-1                            137      2  1.0000   1.0000
  medbiot-bashlite_mal_CC_all           37     37  1.0000   1.0000
  medbiot-mirai_mal_CC_all              26     26  1.0000   1.0000
  medbiot-mirai_mal_spread_all          43     43  1.0000   1.0000

=== test (higt-global) ===
  n           59,210    n_pos   41,063
  accuracy  0.9532
  precision 0.9384
  recall    0.9981
  F1        0.9673
  PR-AUC    0.9673
  ROC-AUC   0.9493
  confusion [[tn=15455 fp=2692]
             [fn=80 tp=40983]]

per-scenario:
  scenario                               n    pos      F1   PR-AUC
  ctu13-1                              860    620  0.9976   1.0000
  ctu13-10                           1,048    147  0.5954   0.5368
  ctu13-13                             654    159  0.9969   1.0000
  ctu13-2                              298    216  1.0000   1.0000
  ctu13-3                            1,869     25  0.8000   0.8776
  ctu13-4                              351     90  0.9832   0.9983
  ctu13-6                              167     71  0.9930   0.9998
  ctu13-8                              724     95  0.9948   1.0000
  ctu13-9                            2,611  2,256  0.9991   1.0000
  iot23-1-1                         34,069  31,339  0.9608   0.9434
  iot23-17-1                           484    388  1.0000   1.0000
  iot23-3-1                            152    152  1.0000   1.0000
  iot23-33-1                           142    120  0.9959   0.9994
  iot23-35-1                         9,905     31  0.6250   0.8134
  iot23-48-1                         3,711  3,663  0.9999   1.0000
  iot23-7-1                             93     12  0.8000   0.9936
  iot23-8-1                            879    642  1.0000   1.0000
  iot23-9-1                            153     21  0.8947   0.9846
  medbiot-bashlite_mal_CC_all           56     56  1.0000   1.0000
  medbiot-bashlite_mal_spread_all      800    776  0.9848   0.9999
  medbiot-mirai_mal_CC_all              52     52  1.0000   1.0000
  medbiot-mirai_mal_spread_all         116    116  1.0000   1.0000
  medbiot-torii_mal_all                 16     16  1.0000   1.0000
saved experiments\phase7\higt_bot_global.pt
wrote data\inspection_logs\phase7_higt_bot_global.json
