device: cuda  amp=True  emb_dir=data\flow_embeddings  gt=hybrid layers=4 heads=4
train=2796 val=926 test=1232
fitting scalers + class weights ...
HiGTBot params: 1,751,943
focal loss gamma=2.0 alpha=[1.6985337734222412, 0.708588182926178]
[higt-hybrid] epoch   1  ce 0.1132  val_F1 0.9606  best 0.9606  lr 5.0e-04  *  36.9s
[higt-hybrid] epoch   2  ce 0.0681  val_F1 0.9675  best 0.9675  lr 5.0e-04  *  36.2s
[higt-hybrid] epoch   3  ce 0.0646  val_F1 0.9609  best 0.9675  lr 5.0e-04     36.8s
[higt-hybrid] epoch   4  ce 0.0599  val_F1 0.9672  best 0.9675  lr 5.0e-04     37.6s
[higt-hybrid] epoch   5  ce 0.0574  val_F1 0.9679  best 0.9679  lr 5.0e-04  *  37.2s
[higt-hybrid] epoch   6  ce 0.0560  val_F1 0.9671  best 0.9679  lr 5.0e-04     37.4s
[higt-hybrid] epoch   7  ce 0.0611  val_F1 0.9670  best 0.9679  lr 5.0e-04     39.9s
[higt-hybrid] epoch   8  ce 0.0641  val_F1 0.9664  best 0.9679  lr 5.0e-04     39.9s
[higt-hybrid] epoch   9  ce 0.0571  val_F1 0.9552  best 0.9679  lr 5.0e-04     34.8s
[higt-hybrid] epoch  10  ce 0.0549  val_F1 0.9298  best 0.9679  lr 5.0e-04     38.5s
[higt-hybrid] epoch  11  ce 0.0542  val_F1 0.9678  best 0.9679  lr 2.5e-04     35.0s
[higt-hybrid] epoch  12  ce 0.0554  val_F1 0.9317  best 0.9679  lr 2.5e-04     34.1s
[higt-hybrid] epoch  13  ce 0.0557  val_F1 0.9302  best 0.9679  lr 2.5e-04     61.7s
[higt-hybrid] epoch  14  ce 0.0549  val_F1 0.9677  best 0.9679  lr 2.5e-04     28.6s
[higt-hybrid] epoch  15  ce 0.0546  val_F1 0.9679  best 0.9679  lr 2.5e-04     38.8s
[higt-hybrid] epoch  16  ce 0.0541  val_F1 0.9586  best 0.9679  lr 2.5e-04     39.2s
[higt-hybrid] epoch  17  ce 0.0555  val_F1 0.9606  best 0.9679  lr 1.3e-04     39.1s
[higt-hybrid] epoch  18  ce 0.0529  val_F1 0.9573  best 0.9679  lr 1.3e-04     38.8s
[higt-hybrid] epoch  19  ce 0.0539  val_F1 0.9651  best 0.9679  lr 1.3e-04     64.8s
[higt-hybrid] epoch  20  ce 0.0537  val_F1 0.9653  best 0.9679  lr 1.3e-04     35.0s
[higt-hybrid] early stop at epoch 20

total fit 965.0s  best val F1 0.9679

=== val (higt-hybrid) ===
  n           55,049    n_pos   39,439
  accuracy  0.9526
  precision 0.9387
  recall    0.9990
  F1        0.9679
  PR-AUC    0.9661
  ROC-AUC   0.9392
  confusion [[tn=13039 fp=2571]
             [fn=41 tp=39398]]

per-scenario:
  scenario                               n    pos      F1   PR-AUC
  ctu13-1                              991    736  0.9980   1.0000
  ctu13-13                             456    141  1.0000   1.0000
  ctu13-2                              269    185  1.0000   1.0000
  ctu13-3                            1,427      0  0.0000      nan
  ctu13-4                              314     17  0.1111   0.7331
  ctu13-6                              136     95  1.0000   1.0000
  ctu13-8                              518    100  0.9796   0.9999
  ctu13-9                            2,463  2,247  0.9998   1.0000
  iot23-1-1                         33,847  31,109  0.9611   0.9354
  iot23-17-1                           499    369  1.0000   1.0000
  iot23-3-1                            212    169  0.8842   0.9388
  iot23-33-1                           236    153  0.9568   0.9859
  iot23-35-1                         9,297      0  0.0000      nan
  iot23-48-1                         4,028  3,982  1.0000   1.0000
  iot23-7-1                            113     28  0.8085   0.9976
  iot23-9-1                            137      2  0.0000   0.2576
  medbiot-bashlite_mal_CC_all           37     37  1.0000   1.0000
  medbiot-mirai_mal_CC_all              26     26  1.0000   1.0000
  medbiot-mirai_mal_spread_all          43     43  1.0000   1.0000

=== test (higt-hybrid) ===
  n           59,210    n_pos   41,063
  accuracy  0.9503
  precision 0.9360
  recall    0.9965
  F1        0.9653
  PR-AUC    0.9693
  ROC-AUC   0.9495
  confusion [[tn=15349 fp=2798]
             [fn=143 tp=40920]]

per-scenario:
  scenario                               n    pos      F1   PR-AUC
  ctu13-1                              860    620  0.9919   0.9998
  ctu13-10                           1,048    147  0.5620   0.4967
  ctu13-13                             654    159  0.9938   1.0000
  ctu13-2                              298    216  1.0000   1.0000
  ctu13-3                            1,869     25  0.8889   0.9315
  ctu13-4                              351     90  0.9775   0.9985
  ctu13-6                              167     71  0.9930   0.9998
  ctu13-8                              724     95  0.9895   0.9994
  ctu13-9                            2,611  2,256  0.9980   1.0000
  iot23-1-1                         34,069  31,339  0.9607   0.9375
  iot23-17-1                           484    388  1.0000   1.0000
  iot23-3-1                            152    152  0.9967   1.0000
  iot23-33-1                           142    120  0.9746   0.9894
  iot23-35-1                         9,905     31  0.2778   0.4481
  iot23-48-1                         3,711  3,663  1.0000   1.0000
  iot23-7-1                             93     12  0.5000   0.7497
  iot23-8-1                            879    642  0.8837   1.0000
  iot23-9-1                            153     21  0.7568   0.9034
  medbiot-bashlite_mal_CC_all           56     56  1.0000   1.0000
  medbiot-bashlite_mal_spread_all      800    776  0.9955   1.0000
  medbiot-mirai_mal_CC_all              52     52  1.0000   1.0000
  medbiot-mirai_mal_spread_all         116    116  1.0000   1.0000
  medbiot-torii_mal_all                 16     16  1.0000   1.0000
saved experiments\phase7\higt_bot_hybrid4.pt
wrote data\inspection_logs\phase7_higt_bot_hybrid4.json
