device: cuda  amp=True
train=2796 val=926 test=1232
fitting scalers + class weights ...
d_model=64  raw_feat_dim=9  edge_dim=10
HiGTBotDiffPool params: 225,818  K1=100
TAM focal loss  gamma=2.0  alpha=[1.6985337734222412, 0.708588182926178]  pi_global=[0.2943715453147888, 0.7056284546852112]  tam_alpha=1.5  ccm_beta=0.5
[hgt] epoch   1  ce 0.3019  link 0.0000  ent 0.5620  val_F1 0.9625  best 0.9625  lr 5.0e-04  *  23.1s
[hgt] epoch   2  ce 0.1051  link 0.0001  ent 0.2143  val_F1 0.9661  best 0.9661  lr 5.0e-04  *  21.2s
[hgt] epoch   3  ce 0.0870  link 0.0002  ent 0.0719  val_F1 0.9589  best 0.9661  lr 5.0e-04     22.0s
[hgt] epoch   4  ce 0.1009  link 0.0002  ent 0.0466  val_F1 0.9602  best 0.9661  lr 5.0e-04     21.2s
[hgt] epoch   5  ce 0.0755  link 0.0002  ent 0.0356  val_F1 0.9674  best 0.9674  lr 5.0e-04  *  21.3s
[hgt] epoch   6  ce 0.0701  link 0.0002  ent 0.0292  val_F1 0.9629  best 0.9674  lr 5.0e-04     25.9s
[hgt] epoch   7  ce 0.0832  link 0.0002  ent 0.0244  val_F1 0.9660  best 0.9674  lr 5.0e-04     26.4s
[hgt] epoch   8  ce 0.0734  link 0.0002  ent 0.0199  val_F1 0.9669  best 0.9674  lr 5.0e-04     26.5s
[hgt] epoch   9  ce 0.0665  link 0.0002  ent 0.0171  val_F1 0.9662  best 0.9674  lr 5.0e-04     26.8s
[hgt] epoch  10  ce 0.0683  link 0.0002  ent 0.0150  val_F1 0.9674  best 0.9674  lr 5.0e-04     25.9s
[hgt] epoch  11  ce 0.0620  link 0.0002  ent 0.0130  val_F1 0.9671  best 0.9674  lr 2.5e-04     25.3s
[hgt] epoch  12  ce 0.0593  link 0.0002  ent 0.0118  val_F1 0.9672  best 0.9674  lr 2.5e-04     25.6s
[hgt] epoch  13  ce 0.0611  link 0.0002  ent 0.0107  val_F1 0.9671  best 0.9674  lr 2.5e-04     25.6s
[hgt] epoch  14  ce 0.0559  link 0.0002  ent 0.0101  val_F1 0.9671  best 0.9674  lr 2.5e-04     25.0s
[hgt] epoch  15  ce 0.0571  link 0.0002  ent 0.0092  val_F1 0.9675  best 0.9675  lr 2.5e-04  *  25.4s
[hgt] epoch  16  ce 0.0596  link 0.0002  ent 0.0088  val_F1 0.9661  best 0.9675  lr 2.5e-04     25.5s
[hgt] epoch  17  ce 0.0571  link 0.0002  ent 0.0086  val_F1 0.9675  best 0.9675  lr 1.3e-04     25.3s
[hgt] epoch  18  ce 0.0606  link 0.0002  ent 0.0082  val_F1 0.9676  best 0.9676  lr 1.3e-04  *  24.9s
[hgt] epoch  19  ce 0.0572  link 0.0002  ent 0.0078  val_F1 0.9674  best 0.9676  lr 1.3e-04     25.5s
[hgt] epoch  20  ce 0.0558  link 0.0002  ent 0.0077  val_F1 0.9674  best 0.9676  lr 1.3e-04     25.3s
[hgt] epoch  21  ce 0.0585  link 0.0002  ent 0.0075  val_F1 0.9678  best 0.9678  lr 1.3e-04  *  25.6s
[hgt] epoch  22  ce 0.0593  link 0.0002  ent 0.0073  val_F1 0.9675  best 0.9678  lr 1.3e-04     25.6s
[hgt] epoch  23  ce 0.0603  link 0.0002  ent 0.0069  val_F1 0.9679  best 0.9679  lr 1.3e-04  *  25.7s
[hgt] epoch  24  ce 0.0563  link 0.0002  ent 0.0067  val_F1 0.9678  best 0.9679  lr 1.3e-04     25.5s
[hgt] epoch  25  ce 0.0624  link 0.0002  ent 0.0067  val_F1 0.9676  best 0.9679  lr 1.3e-04     25.9s
[hgt] epoch  26  ce 0.0555  link 0.0002  ent 0.0065  val_F1 0.9679  best 0.9679  lr 1.3e-04     25.7s
[hgt] epoch  27  ce 0.0594  link 0.0002  ent 0.0062  val_F1 0.9676  best 0.9679  lr 1.3e-04     25.7s
[hgt] epoch  28  ce 0.0549  link 0.0002  ent 0.0059  val_F1 0.9677  best 0.9679  lr 1.3e-04     25.3s
[hgt] epoch  29  ce 0.0539  link 0.0002  ent 0.0060  val_F1 0.9639  best 0.9679  lr 6.3e-05     25.8s
[hgt] epoch  30  ce 0.0644  link 0.0002  ent 0.0057  val_F1 0.9677  best 0.9679  lr 6.3e-05     25.6s
[hgt] epoch  31  ce 0.0632  link 0.0002  ent 0.0056  val_F1 0.9678  best 0.9679  lr 6.3e-05     25.8s
[hgt] epoch  32  ce 0.0620  link 0.0002  ent 0.0056  val_F1 0.9676  best 0.9679  lr 6.3e-05     25.1s
[hgt] epoch  33  ce 0.0545  link 0.0002  ent 0.0056  val_F1 0.9674  best 0.9679  lr 6.3e-05     25.5s
[hgt] epoch  34  ce 0.0542  link 0.0002  ent 0.0054  val_F1 0.9676  best 0.9679  lr 6.3e-05     25.9s
[hgt] epoch  35  ce 0.0536  link 0.0002  ent 0.0054  val_F1 0.9642  best 0.9679  lr 3.1e-05     25.6s
[hgt] epoch  36  ce 0.0548  link 0.0002  ent 0.0052  val_F1 0.9678  best 0.9679  lr 3.1e-05     25.2s
[hgt] epoch  37  ce 0.0533  link 0.0002  ent 0.0053  val_F1 0.9679  best 0.9679  lr 3.1e-05     25.8s
[hgt] epoch  38  ce 0.0539  link 0.0002  ent 0.0053  val_F1 0.9679  best 0.9679  lr 3.1e-05     25.9s
[hgt] early stop at epoch 38

total fit 1198.5s  best val F1 0.9679

=== val (hgt-diffpool) ===
  n           55,049    n_pos   39,439
  accuracy  0.9526
  precision 0.9385
  recall    0.9993
  F1        0.9679
  PR-AUC    0.9697
  ROC-AUC   0.9443
  confusion [[tn=13029 fp=2581]
             [fn=29 tp=39410]]

per-scenario:
  scenario                               n    pos      F1   PR-AUC
  ctu13-1                              991    736  0.9980   1.0000
  ctu13-13                             456    141  0.9892   1.0000
  ctu13-2                              269    185  0.9973   1.0000
  ctu13-3                            1,427      0  0.0000      nan
  ctu13-4                              314     17  0.2105   0.8245
  ctu13-6                              136     95  0.9947   1.0000
  ctu13-8                              518    100  1.0000   1.0000
  ctu13-9                            2,463  2,247  0.9998   1.0000
  iot23-1-1                         33,847  31,109  0.9611   0.9433
  iot23-17-1                           499    369  1.0000   1.0000
  iot23-3-1                            212    169  0.8813   0.9563
  iot23-33-1                           236    153  0.9554   0.9853
  iot23-35-1                         9,297      0  0.0000      nan
  iot23-48-1                         4,028  3,982  0.9997   1.0000
  iot23-7-1                            113     28  0.9434   1.0000
  iot23-9-1                            137      2  1.0000   1.0000
  medbiot-bashlite_mal_CC_all           37     37  1.0000   1.0000
  medbiot-mirai_mal_CC_all              26     26  1.0000   1.0000
  medbiot-mirai_mal_spread_all          43     43  1.0000   1.0000

=== test (hgt-diffpool) ===
  n           59,210    n_pos   41,063
  accuracy  0.9401
  precision 0.9389
  recall    0.9773
  F1        0.9577
  PR-AUC    0.9647
  ROC-AUC   0.9352
  confusion [[tn=15534 fp=2613]
             [fn=934 tp=40129]]

per-scenario:
  scenario                               n    pos      F1   PR-AUC
  ctu13-1                              860    620  0.9684   0.9998
  ctu13-10                           1,048    147  0.5882   0.5861
  ctu13-13                             654    159  0.9542   0.9993
  ctu13-2                              298    216  1.0000   1.0000
  ctu13-3                            1,869     25  0.7179   0.9213
  ctu13-4                              351     90  0.9831   0.9961
  ctu13-6                              167     71  0.9857   0.9998
  ctu13-8                              724     95  0.9947   1.0000
  ctu13-9                            2,611  2,256  0.9987   0.9990
  iot23-1-1                         34,069  31,339  0.9608   0.9423
  iot23-17-1                           484    388  1.0000   1.0000
  iot23-3-1                            152    152  0.9967   1.0000
  iot23-33-1                           142    120  0.9959   0.9951
  iot23-35-1                         9,905     31  0.6038   0.6090
  iot23-48-1                         3,711  3,663  1.0000   1.0000
  iot23-7-1                             93     12  0.7368   0.8703
  iot23-8-1                            879    642  1.0000   1.0000
  iot23-9-1                            153     21  0.9500   0.9795
  medbiot-bashlite_mal_CC_all           56     56  1.0000   1.0000
  medbiot-bashlite_mal_spread_all      800    776  0.0103   0.9625
  medbiot-mirai_mal_CC_all              52     52  1.0000   1.0000
  medbiot-mirai_mal_spread_all         116    116  1.0000   1.0000
  medbiot-torii_mal_all                 16     16  1.0000   1.0000
saved experiments\phase6\hgt_diffpool_tam.pt
wrote data\inspection_logs\phase6_diffpool_tam.json
