device: cpu
Loading split v1 ...
  train graphs=2796  val graphs=926  test graphs=1232
  node feature dim = 9  edge feature dim = 10
  node scaler: mean range [0.01, 82824104.00]  std range [0.0878, 24315088896.00]
  edge scaler: mean range [0.00, 12397508608.00]  std range [0.0034, 5152525254656.00]
  model = GINE  hidden=64  params=39,173
[gine] class weights (benign, bot) = (1.6985337590161995, 0.7085882004735596)
[gine] epoch   1  train_loss 0.4520  val_F1 0.9163  best 0.9163  lr 1.0e-03  *  1.0s
[gine] epoch   2  train_loss 0.3599  val_F1 0.9212  best 0.9212  lr 1.0e-03  *  1.0s
[gine] epoch   3  train_loss 0.3355  val_F1 0.9223  best 0.9223  lr 1.0e-03  *  1.1s
[gine] epoch   4  train_loss 0.3121  val_F1 0.9380  best 0.9380  lr 1.0e-03  *  1.5s
[gine] epoch   5  train_loss 0.3103  val_F1 0.9281  best 0.9380  lr 1.0e-03     1.0s
[gine] epoch   6  train_loss 0.3162  val_F1 0.9515  best 0.9515  lr 1.0e-03  *  1.0s
[gine] epoch   7  train_loss 0.3098  val_F1 0.9546  best 0.9546  lr 1.0e-03  *  1.0s
[gine] epoch   8  train_loss 0.2861  val_F1 0.9503  best 0.9546  lr 1.0e-03     1.1s
[gine] epoch   9  train_loss 0.2774  val_F1 0.9513  best 0.9546  lr 1.0e-03     1.2s
[gine] epoch  10  train_loss 0.2779  val_F1 0.9553  best 0.9553  lr 1.0e-03  *  1.0s
[gine] epoch  11  train_loss 0.2794  val_F1 0.9480  best 0.9553  lr 1.0e-03     1.0s
[gine] epoch  12  train_loss 0.2788  val_F1 0.9543  best 0.9553  lr 1.0e-03     1.1s
[gine] epoch  13  train_loss 0.2746  val_F1 0.9572  best 0.9572  lr 1.0e-03  *  1.0s
[gine] epoch  14  train_loss 0.2666  val_F1 0.9500  best 0.9572  lr 1.0e-03     1.0s
[gine] epoch  15  train_loss 0.2714  val_F1 0.9553  best 0.9572  lr 1.0e-03     1.0s
[gine] epoch  16  train_loss 0.2741  val_F1 0.9622  best 0.9622  lr 1.0e-03  *  1.0s
[gine] epoch  17  train_loss 0.2632  val_F1 0.9622  best 0.9622  lr 1.0e-03  *  1.0s
[gine] epoch  18  train_loss 0.2712  val_F1 0.9467  best 0.9622  lr 1.0e-03     1.1s
[gine] epoch  19  train_loss 0.2623  val_F1 0.9534  best 0.9622  lr 1.0e-03     1.0s
[gine] epoch  20  train_loss 0.2600  val_F1 0.9586  best 0.9622  lr 1.0e-03     1.0s
[gine] epoch  21  train_loss 0.2649  val_F1 0.9581  best 0.9622  lr 1.0e-03     1.1s
[gine] epoch  22  train_loss 0.2617  val_F1 0.9499  best 0.9622  lr 5.0e-04     1.0s
[gine] epoch  23  train_loss 0.2588  val_F1 0.9602  best 0.9622  lr 5.0e-04     1.0s
[gine] epoch  24  train_loss 0.2570  val_F1 0.9600  best 0.9622  lr 5.0e-04     1.0s
[gine] epoch  25  train_loss 0.2522  val_F1 0.9613  best 0.9622  lr 5.0e-04     1.0s
[gine] epoch  26  train_loss 0.2596  val_F1 0.9559  best 0.9622  lr 5.0e-04     1.0s
[gine] epoch  27  train_loss 0.2538  val_F1 0.9632  best 0.9632  lr 5.0e-04  *  1.0s
[gine] epoch  28  train_loss 0.2537  val_F1 0.9625  best 0.9632  lr 5.0e-04     0.9s
[gine] epoch  29  train_loss 0.2631  val_F1 0.9628  best 0.9632  lr 5.0e-04     1.0s
[gine] epoch  30  train_loss 0.2508  val_F1 0.9632  best 0.9632  lr 5.0e-04  *  0.9s
[gine] epoch  31  train_loss 0.2473  val_F1 0.9575  best 0.9632  lr 5.0e-04     1.1s
[gine] epoch  32  train_loss 0.2496  val_F1 0.9585  best 0.9632  lr 5.0e-04     1.1s
[gine] epoch  33  train_loss 0.2585  val_F1 0.9624  best 0.9632  lr 2.5e-04     1.0s
[gine] epoch  34  train_loss 0.2490  val_F1 0.9628  best 0.9632  lr 2.5e-04     1.0s
[gine] epoch  35  train_loss 0.2528  val_F1 0.9634  best 0.9634  lr 2.5e-04  *  0.9s
[gine] epoch  36  train_loss 0.2434  val_F1 0.9624  best 0.9634  lr 2.5e-04     1.0s
[gine] epoch  37  train_loss 0.2522  val_F1 0.9560  best 0.9634  lr 2.5e-04     1.1s
[gine] epoch  38  train_loss 0.2490  val_F1 0.9626  best 0.9634  lr 2.5e-04     1.2s
[gine] epoch  39  train_loss 0.2486  val_F1 0.9636  best 0.9636  lr 2.5e-04  *  0.9s
[gine] epoch  40  train_loss 0.2487  val_F1 0.9627  best 0.9636  lr 2.5e-04     0.9s
[gine] epoch  41  train_loss 0.2483  val_F1 0.9598  best 0.9636  lr 2.5e-04     0.9s
[gine] epoch  42  train_loss 0.2540  val_F1 0.9629  best 0.9636  lr 2.5e-04     0.9s
[gine] epoch  43  train_loss 0.2480  val_F1 0.9635  best 0.9636  lr 2.5e-04     1.0s
[gine] epoch  44  train_loss 0.2447  val_F1 0.9637  best 0.9637  lr 2.5e-04  *  0.9s
[gine] epoch  45  train_loss 0.2481  val_F1 0.9633  best 0.9637  lr 2.5e-04     0.9s
[gine] epoch  46  train_loss 0.2468  val_F1 0.9628  best 0.9637  lr 2.5e-04     0.9s
[gine] epoch  47  train_loss 0.2510  val_F1 0.9631  best 0.9637  lr 2.5e-04     1.0s
[gine] epoch  48  train_loss 0.2473  val_F1 0.9631  best 0.9637  lr 2.5e-04     0.9s
[gine] epoch  49  train_loss 0.2491  val_F1 0.9633  best 0.9637  lr 2.5e-04     1.0s
[gine] epoch  50  train_loss 0.2523  val_F1 0.9637  best 0.9637  lr 1.3e-04  *  0.9s
[gine] epoch  51  train_loss 0.2487  val_F1 0.9636  best 0.9637  lr 1.3e-04     0.9s
[gine] epoch  52  train_loss 0.2456  val_F1 0.9632  best 0.9637  lr 1.3e-04     1.0s
[gine] epoch  53  train_loss 0.2445  val_F1 0.9611  best 0.9637  lr 1.3e-04     0.9s
[gine] epoch  54  train_loss 0.2433  val_F1 0.9625  best 0.9637  lr 1.3e-04     0.9s
[gine] epoch  55  train_loss 0.2463  val_F1 0.9637  best 0.9637  lr 1.3e-04     0.9s
[gine] epoch  56  train_loss 0.2461  val_F1 0.9634  best 0.9637  lr 6.3e-05     0.9s
[gine] epoch  57  train_loss 0.2506  val_F1 0.9638  best 0.9638  lr 6.3e-05  *  1.0s
[gine] epoch  58  train_loss 0.2411  val_F1 0.9632  best 0.9638  lr 6.3e-05     0.9s
[gine] epoch  59  train_loss 0.2428  val_F1 0.9629  best 0.9638  lr 6.3e-05     0.9s
[gine] epoch  60  train_loss 0.2455  val_F1 0.9636  best 0.9638  lr 6.3e-05     1.0s
[gine] epoch  61  train_loss 0.2471  val_F1 0.9637  best 0.9638  lr 6.3e-05     0.9s
[gine] epoch  62  train_loss 0.2425  val_F1 0.9631  best 0.9638  lr 6.3e-05     0.9s
[gine] epoch  63  train_loss 0.2419  val_F1 0.9633  best 0.9638  lr 3.1e-05     0.9s
[gine] epoch  64  train_loss 0.2402  val_F1 0.9631  best 0.9638  lr 3.1e-05     0.9s
[gine] epoch  65  train_loss 0.2388  val_F1 0.9636  best 0.9638  lr 3.1e-05     0.9s
[gine] epoch  66  train_loss 0.2379  val_F1 0.9630  best 0.9638  lr 3.1e-05     1.0s
[gine] epoch  67  train_loss 0.2439  val_F1 0.9633  best 0.9638  lr 3.1e-05     0.9s
[gine] epoch  68  train_loss 0.2417  val_F1 0.9636  best 0.9638  lr 3.1e-05     1.0s
[gine] epoch  69  train_loss 0.2408  val_F1 0.9636  best 0.9638  lr 1.6e-05     0.9s
[gine] epoch  70  train_loss 0.2403  val_F1 0.9637  best 0.9638  lr 1.6e-05     0.9s
[gine] epoch  71  train_loss 0.2388  val_F1 0.9634  best 0.9638  lr 1.6e-05     0.9s
[gine] epoch  72  train_loss 0.2499  val_F1 0.9628  best 0.9638  lr 1.6e-05     0.9s
[gine] epoch  73  train_loss 0.2383  val_F1 0.9637  best 0.9638  lr 1.6e-05     0.9s
[gine] epoch  74  train_loss 0.2454  val_F1 0.9630  best 0.9638  lr 1.6e-05     1.0s
[gine] epoch  75  train_loss 0.2454  val_F1 0.9631  best 0.9638  lr 7.8e-06     0.9s
[gine] epoch  76  train_loss 0.2415  val_F1 0.9637  best 0.9638  lr 7.8e-06     1.0s
[gine] epoch  77  train_loss 0.2425  val_F1 0.9636  best 0.9638  lr 7.8e-06     1.0s
[gine] early stopping at epoch 77 (no val_F1 improvement for 20 epochs)

total fit time 86.6s, best val F1 0.9638

=== val (gine) ===
  n           55,049    n_pos   39,439
  accuracy  0.9463
  precision 0.9315
  recall    0.9985
  F1        0.9638
  PR-AUC    0.9579
  ROC-AUC   0.9286
  confusion [[tn=12714 fp=2896]
             [fn=61 tp=39378]]

per-scenario:
  scenario                               n    pos      F1   PR-AUC
  ctu13-1                              991    736  0.9959   1.0000
  ctu13-13                             456    141  0.9964   1.0000
  ctu13-2                              269    185  1.0000   1.0000
  ctu13-3                            1,427      0  0.0000      nan
  ctu13-4                              314     17  0.4571   0.4258
  ctu13-6                              136     95  0.9947   1.0000
  ctu13-8                              518    100  0.9950   0.9992
  ctu13-9                            2,463  2,247  0.9924   0.9998
  iot23-1-1                         33,847  31,109  0.9611   0.9431
  iot23-17-1                           499    369  1.0000   1.0000
  iot23-3-1                            212    169  0.8871   0.9593
  iot23-33-1                           236    153  0.8627   0.9483
  iot23-35-1                         9,297      0  0.0000      nan
  iot23-48-1                         4,028  3,982  1.0000   1.0000
  iot23-7-1                            113     28  0.9434   0.9832
  iot23-9-1                            137      2  0.2000   0.2935
  medbiot-bashlite_mal_CC_all           37     37  1.0000   1.0000
  medbiot-mirai_mal_CC_all              26     26  1.0000   1.0000
  medbiot-mirai_mal_spread_all          43     43  0.9882   1.0000

=== test (gine) ===
  n           59,210    n_pos   41,063
  accuracy  0.9435
  precision 0.9304
  recall    0.9927
  F1        0.9606
  PR-AUC    0.9555
  ROC-AUC   0.9324
  confusion [[tn=15097 fp=3050]
             [fn=298 tp=40765]]

per-scenario:
  scenario                               n    pos      F1   PR-AUC
  ctu13-1                              860    620  0.9960   0.9999
  ctu13-10                           1,048    147  0.6510   0.8165
  ctu13-13                             654    159  0.9876   0.9994
  ctu13-2                              298    216  0.9930   1.0000
  ctu13-3                            1,869     25  0.4651   0.4749
  ctu13-4                              351     90  0.9670   0.9929
  ctu13-6                              167     71  0.9650   0.9960
  ctu13-8                              724     95  0.9588   0.9951
  ctu13-9                            2,611  2,256  0.9947   1.0000
  iot23-1-1                         34,069  31,339  0.9608   0.9430
  iot23-17-1                           484    388  1.0000   1.0000
  iot23-3-1                            152    152  0.9967   1.0000
  iot23-33-1                           142    120  0.9432   0.9878
  iot23-35-1                         9,905     31  0.0971   0.1058
  iot23-48-1                         3,711  3,663  0.9863   0.9997
  iot23-7-1                             93     12  0.8571   1.0000
  iot23-8-1                            879    642  1.0000   1.0000
  iot23-9-1                            153     21  0.7826   0.8426
  medbiot-bashlite_mal_CC_all           56     56  0.4865   1.0000
  medbiot-bashlite_mal_spread_all      800    776  0.9896   1.0000
  medbiot-mirai_mal_CC_all              52     52  1.0000   1.0000
  medbiot-mirai_mal_spread_all         116    116  0.9159   1.0000
  medbiot-torii_mal_all                 16     16  0.9677   1.0000

wrote data/inspection_logs/baseline_gine.json
